<?xml version="1.0" encoding="UTF-8"?>
<testsuite name="User Repository Test" tests="1" skipped="0" failures="0" errors="0" timestamp="2023-05-16T17:26:42" hostname="MacBook-Air-Artem.local" time="0.925">
  <properties/>
  <testcase name="shouldFindByUserName()" classname="ru.clevertec.ecl.common.repository.UserPostgresQLRepositoryTest" time="0.925"/>
  <system-out><![CDATA[20:26:06.708 [Test worker] DEBUG org.springframework.boot.test.autoconfigure.orm.jpa.DataJpaTestContextBootstrapper -- Neither @ContextConfiguration nor @ContextHierarchy found for test class [UserPostgresQLRepositoryTest]: using SpringBootContextLoader
20:26:06.725 [Test worker] DEBUG org.springframework.test.context.support.AbstractContextLoader -- Could not detect default resource locations for test class [ru.clevertec.ecl.common.repository.UserPostgresQLRepositoryTest]: no resource found for suffixes {-context.xml, Context.groovy}.
20:26:06.743 [Test worker] INFO org.springframework.test.context.support.AnnotationConfigContextLoaderUtils -- Could not detect default configuration classes for test class [ru.clevertec.ecl.common.repository.UserPostgresQLRepositoryTest]: UserPostgresQLRepositoryTest does not declare any static, non-private, non-final, nested classes annotated with @Configuration.
20:26:06.968 [Test worker] DEBUG org.springframework.boot.test.autoconfigure.orm.jpa.DataJpaTestContextBootstrapper -- Using ContextCustomizers for test class [UserPostgresQLRepositoryTest]: [DisableAutoConfigurationContextCustomizer, DisableObservabilityContextCustomizer, TypeExcludeFiltersContextCustomizer, PropertyMappingContextCustomizer, Customizer, ImportsContextCustomizer, ExcludeFilterContextCustomizer, DuplicateJsonObjectContextCustomizer, MockitoContextCustomizer, DynamicPropertiesContextCustomizer]
20:26:07.242 [Test worker] DEBUG org.springframework.context.annotation.ClassPathScanningCandidateComponentProvider -- Identified candidate component class: file [/Users/artemaverkov/Concurrency/Новая папка/SpringTask/build/classes/java/main/ru/clevertec/ecl/SpringTaskApplication.class]
20:26:07.244 [Test worker] INFO org.springframework.boot.test.context.SpringBootTestContextBootstrapper -- Found @SpringBootConfiguration ru.clevertec.ecl.SpringTaskApplication for test class ru.clevertec.ecl.common.repository.UserPostgresQLRepositoryTest
20:26:07.330 [Test worker] DEBUG org.springframework.boot.test.autoconfigure.orm.jpa.DataJpaTestContextBootstrapper -- Using TestExecutionListeners for test class [UserPostgresQLRepositoryTest]: [ServletTestExecutionListener, DirtiesContextBeforeModesTestExecutionListener, ApplicationEventsTestExecutionListener, MockitoTestExecutionListener, DependencyInjectionTestExecutionListener, DirtiesContextTestExecutionListener, TransactionalTestExecutionListener, SqlScriptsTestExecutionListener, EventPublishingTestExecutionListener, RestDocsTestExecutionListener, MockRestServiceServerResetTestExecutionListener, MockMvcPrintOnlyOnFailureTestExecutionListener, WebDriverTestExecutionListener, MockWebServiceServerTestExecutionListener, ResetMocksTestExecutionListener]
20:26:07.333 [Test worker] DEBUG org.springframework.test.context.support.AbstractDirtiesContextTestExecutionListener -- Before test class: class [UserPostgresQLRepositoryTest], class annotated with @DirtiesContext [false] with mode [null]
20:26:07.524 [Test worker] DEBUG org.testcontainers.utility.TestcontainersConfiguration -- Testcontainers configuration overrides will be loaded from file:/Users/artemaverkov/.testcontainers.properties
20:26:07.542 [Test worker] INFO org.testcontainers.utility.ImageNameSubstitutor -- Image name substitution will be performed by: DefaultImageNameSubstitutor (composite of 'ConfigurationFileImageNameSubstitutor' and 'PrefixingImageNameSubstitutor')
20:26:08.617 [Test worker] INFO org.testcontainers.dockerclient.DockerClientProviderStrategy -- Loaded org.testcontainers.dockerclient.UnixSocketClientProviderStrategy from ~/.testcontainers.properties, will try it first
20:26:08.631 [Test worker] DEBUG org.testcontainers.dockerclient.DockerClientProviderStrategy -- Trying out strategy: UnixSocketClientProviderStrategy
20:26:09.357 [Test worker] DEBUG org.testcontainers.shaded.com.github.dockerjava.core.command.AbstrDockerCmd -- Cmd: 
20:26:09.656 [Test worker] DEBUG com.github.dockerjava.zerodep.shaded.org.apache.hc.client5.http.impl.classic.InternalHttpClient -- ex-00000001: preparing request execution
20:26:09.687 [Test worker] DEBUG com.github.dockerjava.zerodep.shaded.org.apache.hc.client5.http.protocol.RequestAddCookies -- Cookie spec selected: strict
20:26:09.706 [Test worker] DEBUG com.github.dockerjava.zerodep.shaded.org.apache.hc.client5.http.protocol.RequestAuthCache -- Auth cache not set in the context
20:26:09.707 [Test worker] DEBUG com.github.dockerjava.zerodep.shaded.org.apache.hc.client5.http.impl.classic.ProtocolExec -- ex-00000001: target auth state: UNCHALLENGED
20:26:09.709 [Test worker] DEBUG com.github.dockerjava.zerodep.shaded.org.apache.hc.client5.http.impl.classic.ProtocolExec -- ex-00000001: proxy auth state: UNCHALLENGED
20:26:09.709 [Test worker] DEBUG com.github.dockerjava.zerodep.shaded.org.apache.hc.client5.http.impl.classic.ConnectExec -- ex-00000001: acquiring connection with route {}->unix://localhost:2375
20:26:09.709 [Test worker] DEBUG com.github.dockerjava.zerodep.shaded.org.apache.hc.client5.http.impl.classic.InternalHttpClient -- ex-00000001: acquiring endpoint (3 MINUTES)
20:26:09.713 [Test worker] DEBUG com.github.dockerjava.zerodep.shaded.org.apache.hc.client5.http.impl.io.PoolingHttpClientConnectionManager -- ex-00000001: endpoint lease request (3 MINUTES) [route: {}->unix://localhost:2375][total available: 0; route allocated: 0 of 2147483647; total allocated: 0 of 2147483647]
20:26:09.729 [Test worker] DEBUG com.github.dockerjava.zerodep.shaded.org.apache.hc.client5.http.impl.io.PoolingHttpClientConnectionManager -- ex-00000001: endpoint leased [route: {}->unix://localhost:2375][total available: 0; route allocated: 1 of 2147483647; total allocated: 1 of 2147483647]
20:26:09.822 [Test worker] DEBUG com.github.dockerjava.zerodep.shaded.org.apache.hc.client5.http.impl.io.PoolingHttpClientConnectionManager -- ex-00000001: acquired ep-00000000
20:26:09.824 [Test worker] DEBUG com.github.dockerjava.zerodep.shaded.org.apache.hc.client5.http.impl.classic.InternalHttpClient -- ex-00000001: acquired endpoint ep-00000000
20:26:09.825 [Test worker] DEBUG com.github.dockerjava.zerodep.shaded.org.apache.hc.client5.http.impl.classic.ConnectExec -- ex-00000001: opening connection {}->unix://localhost:2375
20:26:09.827 [Test worker] DEBUG com.github.dockerjava.zerodep.shaded.org.apache.hc.client5.http.impl.classic.InternalHttpClient -- ep-00000000: connecting endpoint (3 MINUTES)
20:26:09.828 [Test worker] DEBUG com.github.dockerjava.zerodep.shaded.org.apache.hc.client5.http.impl.io.PoolingHttpClientConnectionManager -- ep-00000000: connecting endpoint to unix://localhost:2375 (3 MINUTES)
20:26:09.846 [Test worker] DEBUG com.github.dockerjava.zerodep.shaded.org.apache.hc.client5.http.impl.io.DefaultHttpClientConnectionOperator -- http-outgoing-0: connecting to localhost/127.0.0.1:2375
20:26:09.848 [Test worker] DEBUG com.github.dockerjava.zerodep.shaded.org.apache.hc.client5.http.impl.io.DefaultHttpClientConnectionOperator -- http-outgoing-0: connection established /var/run/docker.sock<->/var/run/docker.sock
20:26:09.850 [Test worker] DEBUG com.github.dockerjava.zerodep.shaded.org.apache.hc.client5.http.impl.io.PoolingHttpClientConnectionManager -- ep-00000000: connected http-outgoing-0
20:26:09.851 [Test worker] DEBUG com.github.dockerjava.zerodep.shaded.org.apache.hc.client5.http.impl.classic.InternalHttpClient -- ep-00000000: endpoint connected
20:26:09.853 [Test worker] DEBUG com.github.dockerjava.zerodep.shaded.org.apache.hc.client5.http.impl.classic.MainClientExec -- ex-00000001: executing GET /v1.32/info HTTP/1.1
20:26:09.855 [Test worker] DEBUG com.github.dockerjava.zerodep.shaded.org.apache.hc.client5.http.impl.classic.InternalHttpClient -- ep-00000000: start execution ex-00000001
20:26:09.856 [Test worker] DEBUG com.github.dockerjava.zerodep.shaded.org.apache.hc.client5.http.impl.io.PoolingHttpClientConnectionManager -- ep-00000000: executing exchange ex-00000001 over http-outgoing-0
20:26:09.866 [Test worker] DEBUG com.github.dockerjava.zerodep.shaded.org.apache.hc.client5.http.headers -- http-outgoing-0 >> GET /v1.32/info HTTP/1.1
20:26:09.867 [Test worker] DEBUG com.github.dockerjava.zerodep.shaded.org.apache.hc.client5.http.headers -- http-outgoing-0 >> x-tc-sid: 60802eac-f064-45fe-9801-167fc01bd305
20:26:09.868 [Test worker] DEBUG com.github.dockerjava.zerodep.shaded.org.apache.hc.client5.http.headers -- http-outgoing-0 >> Accept-Encoding: gzip, x-gzip, deflate
20:26:09.868 [Test worker] DEBUG com.github.dockerjava.zerodep.shaded.org.apache.hc.client5.http.headers -- http-outgoing-0 >> Host: localhost:2375
20:26:09.868 [Test worker] DEBUG com.github.dockerjava.zerodep.shaded.org.apache.hc.client5.http.headers -- http-outgoing-0 >> Connection: keep-alive
20:26:09.868 [Test worker] DEBUG com.github.dockerjava.zerodep.shaded.org.apache.hc.client5.http.headers -- http-outgoing-0 >> User-Agent: Apache-HttpClient/5.0.3 (Java/17.0.2)
20:26:09.868 [Test worker] DEBUG com.github.dockerjava.zerodep.shaded.org.apache.hc.client5.http.wire -- http-outgoing-0 >> "GET /v1.32/info HTTP/1.1[\r][\n]"
20:26:09.868 [Test worker] DEBUG com.github.dockerjava.zerodep.shaded.org.apache.hc.client5.http.wire -- http-outgoing-0 >> "x-tc-sid: 60802eac-f064-45fe-9801-167fc01bd305[\r][\n]"
20:26:09.868 [Test worker] DEBUG com.github.dockerjava.zerodep.shaded.org.apache.hc.client5.http.wire -- http-outgoing-0 >> "Accept-Encoding: gzip, x-gzip, deflate[\r][\n]"
20:26:09.868 [Test worker] DEBUG com.github.dockerjava.zerodep.shaded.org.apache.hc.client5.http.wire -- http-outgoing-0 >> "Host: localhost:2375[\r][\n]"
20:26:09.869 [Test worker] DEBUG com.github.dockerjava.zerodep.shaded.org.apache.hc.client5.http.wire -- http-outgoing-0 >> "Connection: keep-alive[\r][\n]"
20:26:09.869 [Test worker] DEBUG com.github.dockerjava.zerodep.shaded.org.apache.hc.client5.http.wire -- http-outgoing-0 >> "User-Agent: Apache-HttpClient/5.0.3 (Java/17.0.2)[\r][\n]"
20:26:09.870 [Test worker] DEBUG com.github.dockerjava.zerodep.shaded.org.apache.hc.client5.http.wire -- http-outgoing-0 >> "[\r][\n]"
20:26:11.238 [Test worker] DEBUG com.github.dockerjava.zerodep.shaded.org.apache.hc.client5.http.wire -- http-outgoing-0 << "HTTP/1.1 200 OK[\r][\n]"
20:26:11.246 [Test worker] DEBUG com.github.dockerjava.zerodep.shaded.org.apache.hc.client5.http.wire -- http-outgoing-0 << "Api-Version: 1.41[\r][\n]"
20:26:11.247 [Test worker] DEBUG com.github.dockerjava.zerodep.shaded.org.apache.hc.client5.http.wire -- http-outgoing-0 << "Content-Type: application/json[\r][\n]"
20:26:11.247 [Test worker] DEBUG com.github.dockerjava.zerodep.shaded.org.apache.hc.client5.http.wire -- http-outgoing-0 << "Date: Tue, 16 May 2023 17:26:11 GMT[\r][\n]"
20:26:11.247 [Test worker] DEBUG com.github.dockerjava.zerodep.shaded.org.apache.hc.client5.http.wire -- http-outgoing-0 << "Docker-Experimental: false[\r][\n]"
20:26:11.247 [Test worker] DEBUG com.github.dockerjava.zerodep.shaded.org.apache.hc.client5.http.wire -- http-outgoing-0 << "Ostype: linux[\r][\n]"
20:26:11.248 [Test worker] DEBUG com.github.dockerjava.zerodep.shaded.org.apache.hc.client5.http.wire -- http-outgoing-0 << "Server: Docker/20.10.21 (linux)[\r][\n]"
20:26:11.248 [Test worker] DEBUG com.github.dockerjava.zerodep.shaded.org.apache.hc.client5.http.wire -- http-outgoing-0 << "Transfer-Encoding: chunked[\r][\n]"
20:26:11.248 [Test worker] DEBUG com.github.dockerjava.zerodep.shaded.org.apache.hc.client5.http.wire -- http-outgoing-0 << "[\r][\n]"
20:26:11.279 [Test worker] DEBUG com.github.dockerjava.zerodep.shaded.org.apache.hc.client5.http.headers -- http-outgoing-0 << HTTP/1.1 200 OK
20:26:11.280 [Test worker] DEBUG com.github.dockerjava.zerodep.shaded.org.apache.hc.client5.http.headers -- http-outgoing-0 << Api-Version: 1.41
20:26:11.280 [Test worker] DEBUG com.github.dockerjava.zerodep.shaded.org.apache.hc.client5.http.headers -- http-outgoing-0 << Content-Type: application/json
20:26:11.280 [Test worker] DEBUG com.github.dockerjava.zerodep.shaded.org.apache.hc.client5.http.headers -- http-outgoing-0 << Date: Tue, 16 May 2023 17:26:11 GMT
20:26:11.280 [Test worker] DEBUG com.github.dockerjava.zerodep.shaded.org.apache.hc.client5.http.headers -- http-outgoing-0 << Docker-Experimental: false
20:26:11.280 [Test worker] DEBUG com.github.dockerjava.zerodep.shaded.org.apache.hc.client5.http.headers -- http-outgoing-0 << Ostype: linux
20:26:11.281 [Test worker] DEBUG com.github.dockerjava.zerodep.shaded.org.apache.hc.client5.http.headers -- http-outgoing-0 << Server: Docker/20.10.21 (linux)
20:26:11.281 [Test worker] DEBUG com.github.dockerjava.zerodep.shaded.org.apache.hc.client5.http.headers -- http-outgoing-0 << Transfer-Encoding: chunked
20:26:11.294 [Test worker] DEBUG com.github.dockerjava.zerodep.shaded.org.apache.hc.client5.http.impl.classic.MainClientExec -- ex-00000001: connection can be kept alive for 3 MINUTES
20:26:11.328 [Test worker] DEBUG com.github.dockerjava.zerodep.shaded.org.apache.hc.client5.http.wire -- http-outgoing-0 << "9b8[\r][\n]"
20:26:11.329 [Test worker] DEBUG com.github.dockerjava.zerodep.shaded.org.apache.hc.client5.http.wire -- http-outgoing-0 << "{"ID":"6D2B:OECK:ACBB:FYOQ:DURY:GB2D:ATY6:2XGM:54B4:7JAN:PZZC:3HYR","Containers":30,"ContainersRunning":0,"ContainersPaused":0,"ContainersStopped":30,"Images":112,"Driver":"overlay2","DriverStatus":[["Backing Filesystem","extfs"],["Supports d_type","true"],["Native Overlay Diff","true"],["userxattr","false"]],"Plugins":{"Volume":["local"],"Network":["bridge","host","ipvlan","macvlan","null","overlay"],"Authorization":null,"Log":["awslogs","fluentd","gcplogs","gelf","journald","json-file","local","logentries","splunk","syslog"]},"MemoryLimit":true,"SwapLimit":true,"KernelMemory":false,"KernelMemoryTCP":false,"CpuCfsPeriod":true,"CpuCfsQuota":true,"CPUShares":true,"CPUSet":true,"PidsLimit":true,"IPv4Forwarding":true,"BridgeNfIptables":true,"BridgeNfIp6tables":true,"Debug":false,"NFd":46,"OomKillDisable":false,"NGoroutines":49,"SystemTime":"2023-05-16T17:26:10.302976711Z","LoggingDriver":"json-file","CgroupDriver":"cgroupfs","CgroupVersion":"2","NEventsListener":4,"KernelVersion":"5.15.49-linuxkit","OperatingSystem":"Docker Desktop","OSVersion":"","OSType":"linux","Architecture":"aarch64","IndexServerAddress":"https://index.docker.io/v1/","RegistryConfig":{"AllowNondistributableArtifactsCIDRs":[],"AllowNondistributableArtifactsHostnames":[],"InsecureRegistryCIDRs":["127.0.0.0/8"],"IndexConfigs":{"docker.io":{"Name":"docker.io","Mirrors":[],"Secure":true,"Official":true},"hubproxy.docker.internal:5000":{"Name":"hubproxy.docker.internal:5000","Mirrors":[],"Secure":false,"Official":false}},"Mirrors":[]},"NCPU":4,"MemTotal":4124499968,"GenericResources":null,"DockerRootDir":"/var/lib/docker","HttpProxy":"http.docker.internal:3128","HttpsProxy":"http.docker.internal:3128","NoProxy":"hubproxy.docker.internal","Name":"docker-desktop","Labels":[],"ExperimentalBuild":false,"ServerVersion":"20.10.21","Runtimes":{"io.containerd.runc.v2":{"path":"runc"},"io.containerd.runtime.v1.linux":{"path":"runc"},"runc":{"path":"runc"}},"DefaultRuntime":"runc","Swarm":{"NodeID":"","NodeAddr":"","LocalNodeState":"inactive","ControlAvailable":false,"Error":"","RemoteManagers":null},"LiveRestoreEnabled":false,"Isolation":"","InitBinary":"docker-init","ContainerdCommit":{"ID":"770bd0108c32f3fb5c73ae1264f7e503fe7b2661","Expected":"770bd0108c32f3fb5c73ae1264f7e503fe7b2661"},"RuncCommit":{"ID":"v1.1.4-0-g5fd4c4d","Expected":"v1.1.4-0-g5fd4c4d"},"InitCommit":{"ID":"de40ad0","Expected":"de40ad0"},"SecurityOptions":["name=seccomp,profile=default","name=cgroupns"],"Warnings":null}[\n]"
20:26:11.329 [Test worker] DEBUG com.github.dockerjava.zerodep.shaded.org.apache.hc.client5.http.wire -- http-outgoing-0 << "[\r][\n]"
20:26:11.329 [Test worker] DEBUG com.github.dockerjava.zerodep.shaded.org.apache.hc.client5.http.wire -- http-outgoing-0 << "0[\r][\n]"
20:26:11.329 [Test worker] DEBUG com.github.dockerjava.zerodep.shaded.org.apache.hc.client5.http.wire -- http-outgoing-0 << "[\r][\n]"
20:26:11.600 [Test worker] DEBUG com.github.dockerjava.zerodep.shaded.org.apache.hc.client5.http.impl.classic.InternalHttpClient -- ep-00000000: releasing valid endpoint
20:26:11.601 [Test worker] DEBUG com.github.dockerjava.zerodep.shaded.org.apache.hc.client5.http.impl.io.PoolingHttpClientConnectionManager -- ep-00000000: releasing endpoint
20:26:11.602 [Test worker] DEBUG com.github.dockerjava.zerodep.shaded.org.apache.hc.client5.http.impl.io.PoolingHttpClientConnectionManager -- ep-00000000: connection http-outgoing-0 can be kept alive for 3 MINUTES
20:26:11.603 [Test worker] DEBUG com.github.dockerjava.zerodep.shaded.org.apache.hc.client5.http.impl.io.PoolingHttpClientConnectionManager -- ep-00000000: connection released [route: {}->unix://localhost:2375][total available: 1; route allocated: 1 of 2147483647; total allocated: 1 of 2147483647]
20:26:11.605 [Test worker] INFO org.testcontainers.dockerclient.DockerClientProviderStrategy -- Found Docker environment with local Unix socket (unix:///var/run/docker.sock)
20:26:11.606 [Test worker] DEBUG org.testcontainers.dockerclient.DockerClientProviderStrategy -- Transport type: 'httpclient5', Docker host: 'unix:///var/run/docker.sock'
20:26:11.606 [Test worker] DEBUG org.testcontainers.dockerclient.DockerClientProviderStrategy -- Checking Docker OS type for local Unix socket (unix:///var/run/docker.sock)
20:26:11.614 [Test worker] INFO org.testcontainers.DockerClientFactory -- Docker host IP address is localhost
20:26:11.614 [Test worker] DEBUG org.testcontainers.DockerClientFactory -- Docker info: {NGoroutines=49, Name=docker-desktop, Swarm={NodeID=, NodeAddr=, LocalNodeState=inactive, ControlAvailable=false, Error=, RemoteManagers=null}, RuncCommit={ID=v1.1.4-0-g5fd4c4d, Expected=v1.1.4-0-g5fd4c4d}, OSVersion=, Runtimes={io.containerd.runc.v2={path=runc}, io.containerd.runtime.v1.linux={path=runc}, runc={path=runc}}, ID=6D2B:OECK:ACBB:FYOQ:DURY:GB2D:ATY6:2XGM:54B4:7JAN:PZZC:3HYR, DriverStatus=[[Backing Filesystem, extfs], [Supports d_type, true], [Native Overlay Diff, true], [userxattr, false]], BridgeNfIptables=true, LiveRestoreEnabled=false, SystemTime=2023-05-16T17:26:10.302976711Z, NoProxy=hubproxy.docker.internal, Architecture=aarch64, NEventsListener=4, HttpsProxy=http.docker.internal:3128, Images=112, ContainersRunning=0, Labels=[], InitCommit={ID=de40ad0, Expected=de40ad0}, NFd=46, KernelVersion=5.15.49-linuxkit, LoggingDriver=json-file, OSType=linux, SecurityOptions=[name=seccomp,profile=default, name=cgroupns], ContainerdCommit={ID=770bd0108c32f3fb5c73ae1264f7e503fe7b2661, Expected=770bd0108c32f3fb5c73ae1264f7e503fe7b2661}, GenericResources=null, KernelMemory=false, OperatingSystem=Docker Desktop, RegistryConfig={AllowNondistributableArtifactsCIDRs=[], AllowNondistributableArtifactsHostnames=[], InsecureRegistryCIDRs=[127.0.0.0/8], IndexConfigs={docker.io={Name=docker.io, Mirrors=[], Secure=true, Official=true}, hubproxy.docker.internal:5000={Name=hubproxy.docker.internal:5000, Mirrors=[], Secure=false, Official=false}}, Mirrors=[]}, ServerVersion=20.10.21, OomKillDisable=false, CpuCfsQuota=true, Containers=30, Driver=overlay2, KernelMemoryTCP=false, IPv4Forwarding=true, ExperimentalBuild=false, DockerRootDir=/var/lib/docker, CPUSet=true, CpuCfsPeriod=true, DefaultRuntime=runc, CPUShares=true, Debug=false, NCPU=4, Plugins={Volume=[local], Network=[bridge, host, ipvlan, macvlan, null, overlay], Authorization=null, Log=[awslogs, fluentd, gcplogs, gelf, journald, json-file, local, logentries, splunk, syslog]}, SwapLimit=true, CgroupDriver=cgroupfs, ContainersPaused=0, MemTotal=4124499968, IndexServerAddress=https://index.docker.io/v1/, MemoryLimit=true, HttpProxy=http.docker.internal:3128, InitBinary=docker-init, CgroupVersion=2, PidsLimit=true, Isolation=, BridgeNfIp6tables=true, Warnings=null, ContainersStopped=30}
20:26:11.623 [Test worker] DEBUG org.testcontainers.shaded.com.github.dockerjava.core.command.AbstrDockerCmd -- Cmd: 
20:26:11.628 [Test worker] DEBUG com.github.dockerjava.zerodep.shaded.org.apache.hc.client5.http.impl.classic.InternalHttpClient -- ex-00000002: preparing request execution
20:26:11.628 [Test worker] DEBUG com.github.dockerjava.zerodep.shaded.org.apache.hc.client5.http.protocol.RequestAddCookies -- Cookie spec selected: strict
20:26:11.629 [Test worker] DEBUG com.github.dockerjava.zerodep.shaded.org.apache.hc.client5.http.protocol.RequestAuthCache -- Auth cache not set in the context
20:26:11.629 [Test worker] DEBUG com.github.dockerjava.zerodep.shaded.org.apache.hc.client5.http.impl.classic.ProtocolExec -- ex-00000002: target auth state: UNCHALLENGED
20:26:11.629 [Test worker] DEBUG com.github.dockerjava.zerodep.shaded.org.apache.hc.client5.http.impl.classic.ProtocolExec -- ex-00000002: proxy auth state: UNCHALLENGED
20:26:11.629 [Test worker] DEBUG com.github.dockerjava.zerodep.shaded.org.apache.hc.client5.http.impl.classic.ConnectExec -- ex-00000002: acquiring connection with route {}->unix://localhost:2375
20:26:11.629 [Test worker] DEBUG com.github.dockerjava.zerodep.shaded.org.apache.hc.client5.http.impl.classic.InternalHttpClient -- ex-00000002: acquiring endpoint (3 MINUTES)
20:26:11.630 [Test worker] DEBUG com.github.dockerjava.zerodep.shaded.org.apache.hc.client5.http.impl.io.PoolingHttpClientConnectionManager -- ex-00000002: endpoint lease request (3 MINUTES) [route: {}->unix://localhost:2375][total available: 1; route allocated: 1 of 2147483647; total allocated: 1 of 2147483647]
20:26:11.631 [Test worker] DEBUG com.github.dockerjava.zerodep.shaded.org.apache.hc.client5.http.impl.io.PoolingHttpClientConnectionManager -- ex-00000002: endpoint leased [route: {}->unix://localhost:2375][total available: 0; route allocated: 1 of 2147483647; total allocated: 1 of 2147483647]
20:26:11.631 [Test worker] DEBUG com.github.dockerjava.zerodep.shaded.org.apache.hc.client5.http.impl.io.PoolingHttpClientConnectionManager -- ex-00000002: acquired ep-00000001
20:26:11.631 [Test worker] DEBUG com.github.dockerjava.zerodep.shaded.org.apache.hc.client5.http.impl.classic.InternalHttpClient -- ex-00000002: acquired endpoint ep-00000001
20:26:11.632 [Test worker] DEBUG com.github.dockerjava.zerodep.shaded.org.apache.hc.client5.http.impl.classic.MainClientExec -- ex-00000002: executing GET /v1.32/version HTTP/1.1
20:26:11.632 [Test worker] DEBUG com.github.dockerjava.zerodep.shaded.org.apache.hc.client5.http.impl.classic.InternalHttpClient -- ep-00000001: start execution ex-00000002
20:26:11.632 [Test worker] DEBUG com.github.dockerjava.zerodep.shaded.org.apache.hc.client5.http.impl.io.PoolingHttpClientConnectionManager -- ep-00000001: executing exchange ex-00000002 over http-outgoing-0
20:26:11.635 [Test worker] DEBUG com.github.dockerjava.zerodep.shaded.org.apache.hc.client5.http.headers -- http-outgoing-0 >> GET /v1.32/version HTTP/1.1
20:26:11.635 [Test worker] DEBUG com.github.dockerjava.zerodep.shaded.org.apache.hc.client5.http.headers -- http-outgoing-0 >> accept: application/json
20:26:11.635 [Test worker] DEBUG com.github.dockerjava.zerodep.shaded.org.apache.hc.client5.http.headers -- http-outgoing-0 >> x-tc-sid: 60802eac-f064-45fe-9801-167fc01bd305
20:26:11.635 [Test worker] DEBUG com.github.dockerjava.zerodep.shaded.org.apache.hc.client5.http.headers -- http-outgoing-0 >> Accept-Encoding: gzip, x-gzip, deflate
20:26:11.635 [Test worker] DEBUG com.github.dockerjava.zerodep.shaded.org.apache.hc.client5.http.headers -- http-outgoing-0 >> Host: localhost:2375
20:26:11.635 [Test worker] DEBUG com.github.dockerjava.zerodep.shaded.org.apache.hc.client5.http.headers -- http-outgoing-0 >> Connection: keep-alive
20:26:11.635 [Test worker] DEBUG com.github.dockerjava.zerodep.shaded.org.apache.hc.client5.http.headers -- http-outgoing-0 >> User-Agent: Apache-HttpClient/5.0.3 (Java/17.0.2)
20:26:11.635 [Test worker] DEBUG com.github.dockerjava.zerodep.shaded.org.apache.hc.client5.http.wire -- http-outgoing-0 >> "GET /v1.32/version HTTP/1.1[\r][\n]"
20:26:11.635 [Test worker] DEBUG com.github.dockerjava.zerodep.shaded.org.apache.hc.client5.http.wire -- http-outgoing-0 >> "accept: application/json[\r][\n]"
20:26:11.636 [Test worker] DEBUG com.github.dockerjava.zerodep.shaded.org.apache.hc.client5.http.wire -- http-outgoing-0 >> "x-tc-sid: 60802eac-f064-45fe-9801-167fc01bd305[\r][\n]"
20:26:11.637 [Test worker] DEBUG com.github.dockerjava.zerodep.shaded.org.apache.hc.client5.http.wire -- http-outgoing-0 >> "Accept-Encoding: gzip, x-gzip, deflate[\r][\n]"
20:26:11.637 [Test worker] DEBUG com.github.dockerjava.zerodep.shaded.org.apache.hc.client5.http.wire -- http-outgoing-0 >> "Host: localhost:2375[\r][\n]"
20:26:11.637 [Test worker] DEBUG com.github.dockerjava.zerodep.shaded.org.apache.hc.client5.http.wire -- http-outgoing-0 >> "Connection: keep-alive[\r][\n]"
20:26:11.637 [Test worker] DEBUG com.github.dockerjava.zerodep.shaded.org.apache.hc.client5.http.wire -- http-outgoing-0 >> "User-Agent: Apache-HttpClient/5.0.3 (Java/17.0.2)[\r][\n]"
20:26:11.637 [Test worker] DEBUG com.github.dockerjava.zerodep.shaded.org.apache.hc.client5.http.wire -- http-outgoing-0 >> "[\r][\n]"
20:26:11.863 [Test worker] DEBUG com.github.dockerjava.zerodep.shaded.org.apache.hc.client5.http.wire -- http-outgoing-0 << "HTTP/1.1 200 OK[\r][\n]"
20:26:11.865 [Test worker] DEBUG com.github.dockerjava.zerodep.shaded.org.apache.hc.client5.http.wire -- http-outgoing-0 << "Api-Version: 1.41[\r][\n]"
20:26:11.865 [Test worker] DEBUG com.github.dockerjava.zerodep.shaded.org.apache.hc.client5.http.wire -- http-outgoing-0 << "Content-Type: application/json[\r][\n]"
20:26:11.865 [Test worker] DEBUG com.github.dockerjava.zerodep.shaded.org.apache.hc.client5.http.wire -- http-outgoing-0 << "Date: Tue, 16 May 2023 17:26:11 GMT[\r][\n]"
20:26:11.865 [Test worker] DEBUG com.github.dockerjava.zerodep.shaded.org.apache.hc.client5.http.wire -- http-outgoing-0 << "Docker-Experimental: false[\r][\n]"
20:26:11.866 [Test worker] DEBUG com.github.dockerjava.zerodep.shaded.org.apache.hc.client5.http.wire -- http-outgoing-0 << "Ostype: linux[\r][\n]"
20:26:11.866 [Test worker] DEBUG com.github.dockerjava.zerodep.shaded.org.apache.hc.client5.http.wire -- http-outgoing-0 << "Server: Docker/20.10.21 (linux)[\r][\n]"
20:26:11.866 [Test worker] DEBUG com.github.dockerjava.zerodep.shaded.org.apache.hc.client5.http.wire -- http-outgoing-0 << "Transfer-Encoding: chunked[\r][\n]"
20:26:11.866 [Test worker] DEBUG com.github.dockerjava.zerodep.shaded.org.apache.hc.client5.http.wire -- http-outgoing-0 << "[\r][\n]"
20:26:11.866 [Test worker] DEBUG com.github.dockerjava.zerodep.shaded.org.apache.hc.client5.http.headers -- http-outgoing-0 << HTTP/1.1 200 OK
20:26:11.867 [Test worker] DEBUG com.github.dockerjava.zerodep.shaded.org.apache.hc.client5.http.headers -- http-outgoing-0 << Api-Version: 1.41
20:26:11.869 [Test worker] DEBUG com.github.dockerjava.zerodep.shaded.org.apache.hc.client5.http.headers -- http-outgoing-0 << Content-Type: application/json
20:26:11.870 [Test worker] DEBUG com.github.dockerjava.zerodep.shaded.org.apache.hc.client5.http.headers -- http-outgoing-0 << Date: Tue, 16 May 2023 17:26:11 GMT
20:26:11.871 [Test worker] DEBUG com.github.dockerjava.zerodep.shaded.org.apache.hc.client5.http.headers -- http-outgoing-0 << Docker-Experimental: false
20:26:11.871 [Test worker] DEBUG com.github.dockerjava.zerodep.shaded.org.apache.hc.client5.http.headers -- http-outgoing-0 << Ostype: linux
20:26:11.871 [Test worker] DEBUG com.github.dockerjava.zerodep.shaded.org.apache.hc.client5.http.headers -- http-outgoing-0 << Server: Docker/20.10.21 (linux)
20:26:11.871 [Test worker] DEBUG com.github.dockerjava.zerodep.shaded.org.apache.hc.client5.http.headers -- http-outgoing-0 << Transfer-Encoding: chunked
20:26:11.871 [Test worker] DEBUG com.github.dockerjava.zerodep.shaded.org.apache.hc.client5.http.impl.classic.MainClientExec -- ex-00000002: connection can be kept alive for 3 MINUTES
20:26:11.918 [Test worker] DEBUG com.github.dockerjava.zerodep.shaded.org.apache.hc.client5.http.wire -- http-outgoing-0 << "33c[\r][\n]"
20:26:11.918 [Test worker] DEBUG com.github.dockerjava.zerodep.shaded.org.apache.hc.client5.http.wire -- http-outgoing-0 << "{"Platform":{"Name":"Docker Desktop 4.15.0 (93002)"},"Components":[{"Name":"Engine","Version":"20.10.21","Details":{"ApiVersion":"1.41","Arch":"arm64","BuildTime":"2022-10-25T17:59:41.000000000+00:00","Experimental":"false","GitCommit":"3056208","GoVersion":"go1.18.7","KernelVersion":"5.15.49-linuxkit","MinAPIVersion":"1.12","Os":"linux"}},{"Name":"containerd","Version":"1.6.10","Details":{"GitCommit":"770bd0108c32f3fb5c73ae1264f7e503fe7b2661"}},{"Name":"runc","Version":"1.1.4","Details":{"GitCommit":"v1.1.4-0-g5fd4c4d"}},{"Name":"docker-init","Version":"0.19.0","Details":{"GitCommit":"de40ad0"}}],"Version":"20.10.21","ApiVersion":"1.41","MinAPIVersion":"1.12","GitCommit":"3056208","GoVersion":"go1.18.7","Os":"linux","Arch":"arm64","KernelVersion":"5.15.49-linuxkit","BuildTime":"2022-10-25T17:59:41.000000000+00:00"}[\n]"
20:26:11.919 [Test worker] DEBUG com.github.dockerjava.zerodep.shaded.org.apache.hc.client5.http.wire -- http-outgoing-0 << "[\r][\n]"
20:26:11.964 [Test worker] DEBUG com.github.dockerjava.zerodep.shaded.org.apache.hc.client5.http.wire -- http-outgoing-0 << "0[\r][\n]"
20:26:11.966 [Test worker] DEBUG com.github.dockerjava.zerodep.shaded.org.apache.hc.client5.http.wire -- http-outgoing-0 << "[\r][\n]"
20:26:11.966 [Test worker] DEBUG com.github.dockerjava.zerodep.shaded.org.apache.hc.client5.http.impl.classic.InternalHttpClient -- ep-00000001: releasing valid endpoint
20:26:11.966 [Test worker] DEBUG com.github.dockerjava.zerodep.shaded.org.apache.hc.client5.http.impl.io.PoolingHttpClientConnectionManager -- ep-00000001: releasing endpoint
20:26:11.967 [Test worker] DEBUG com.github.dockerjava.zerodep.shaded.org.apache.hc.client5.http.impl.io.PoolingHttpClientConnectionManager -- ep-00000001: connection http-outgoing-0 can be kept alive for 3 MINUTES
20:26:11.967 [Test worker] DEBUG com.github.dockerjava.zerodep.shaded.org.apache.hc.client5.http.impl.io.PoolingHttpClientConnectionManager -- ep-00000001: connection released [route: {}->unix://localhost:2375][total available: 1; route allocated: 1 of 2147483647; total allocated: 1 of 2147483647]
20:26:11.967 [Test worker] DEBUG org.testcontainers.DockerClientFactory -- Docker version: {Components=[{Name=Engine, Version=20.10.21, Details={ApiVersion=1.41, Arch=arm64, BuildTime=2022-10-25T17:59:41.000000000+00:00, Experimental=false, GitCommit=3056208, GoVersion=go1.18.7, KernelVersion=5.15.49-linuxkit, MinAPIVersion=1.12, Os=linux}}, {Name=containerd, Version=1.6.10, Details={GitCommit=770bd0108c32f3fb5c73ae1264f7e503fe7b2661}}, {Name=runc, Version=1.1.4, Details={GitCommit=v1.1.4-0-g5fd4c4d}}, {Name=docker-init, Version=0.19.0, Details={GitCommit=de40ad0}}], KernelVersion=5.15.49-linuxkit, ApiVersion=1.41, Platform={Name=Docker Desktop 4.15.0 (93002)}, GitCommit=3056208, Os=linux, Version=20.10.21, MinAPIVersion=1.12, Arch=arm64, GoVersion=go1.18.7, BuildTime=2022-10-25T17:59:41.000000000+00:00}
20:26:11.967 [Test worker] INFO org.testcontainers.DockerClientFactory -- Connected to docker: 
  Server Version: 20.10.21
  API Version: 1.41
  Operating System: Docker Desktop
  Total Memory: 3933 MB
20:26:12.025 [Test worker] DEBUG org.testcontainers.utility.RyukResourceReaper -- Ryuk is enabled
20:26:12.036 [Test worker] DEBUG org.testcontainers.utility.PrefixingImageNameSubstitutor -- No prefix is configured
20:26:12.037 [Test worker] DEBUG org.testcontainers.utility.ImageNameSubstitutor -- Did not find a substitute image for testcontainers/ryuk:0.4.0 (using image substitutor: DefaultImageNameSubstitutor (composite of 'ConfigurationFileImageNameSubstitutor' and 'PrefixingImageNameSubstitutor'))
20:26:12.042 [Test worker] DEBUG org.testcontainers.shaded.com.github.dockerjava.core.command.AbstrDockerCmd -- Cmd: ListImagesCmdImpl[filters=org.testcontainers.shaded.com.github.dockerjava.core.util.FiltersBuilder@0,imageNameFilter=<null>,showAll=false]
20:26:12.056 [Test worker] DEBUG com.github.dockerjava.zerodep.shaded.org.apache.hc.client5.http.impl.classic.InternalHttpClient -- ex-00000003: preparing request execution
20:26:12.057 [Test worker] DEBUG com.github.dockerjava.zerodep.shaded.org.apache.hc.client5.http.protocol.RequestAddCookies -- Cookie spec selected: strict
20:26:12.057 [Test worker] DEBUG com.github.dockerjava.zerodep.shaded.org.apache.hc.client5.http.protocol.RequestAuthCache -- Auth cache not set in the context
20:26:12.057 [Test worker] DEBUG com.github.dockerjava.zerodep.shaded.org.apache.hc.client5.http.impl.classic.ProtocolExec -- ex-00000003: target auth state: UNCHALLENGED
20:26:12.057 [Test worker] DEBUG com.github.dockerjava.zerodep.shaded.org.apache.hc.client5.http.impl.classic.ProtocolExec -- ex-00000003: proxy auth state: UNCHALLENGED
20:26:12.057 [Test worker] DEBUG com.github.dockerjava.zerodep.shaded.org.apache.hc.client5.http.impl.classic.ConnectExec -- ex-00000003: acquiring connection with route {}->unix://localhost:2375
20:26:12.057 [Test worker] DEBUG com.github.dockerjava.zerodep.shaded.org.apache.hc.client5.http.impl.classic.InternalHttpClient -- ex-00000003: acquiring endpoint (3 MINUTES)
20:26:12.058 [Test worker] DEBUG com.github.dockerjava.zerodep.shaded.org.apache.hc.client5.http.impl.io.PoolingHttpClientConnectionManager -- ex-00000003: endpoint lease request (3 MINUTES) [route: {}->unix://localhost:2375][total available: 1; route allocated: 1 of 2147483647; total allocated: 1 of 2147483647]
20:26:12.058 [Test worker] DEBUG com.github.dockerjava.zerodep.shaded.org.apache.hc.client5.http.impl.io.PoolingHttpClientConnectionManager -- ex-00000003: endpoint leased [route: {}->unix://localhost:2375][total available: 0; route allocated: 1 of 2147483647; total allocated: 1 of 2147483647]
20:26:12.058 [Test worker] DEBUG com.github.dockerjava.zerodep.shaded.org.apache.hc.client5.http.impl.io.PoolingHttpClientConnectionManager -- ex-00000003: acquired ep-00000002
20:26:12.058 [Test worker] DEBUG com.github.dockerjava.zerodep.shaded.org.apache.hc.client5.http.impl.classic.InternalHttpClient -- ex-00000003: acquired endpoint ep-00000002
20:26:12.058 [Test worker] DEBUG com.github.dockerjava.zerodep.shaded.org.apache.hc.client5.http.impl.classic.MainClientExec -- ex-00000003: executing GET /v1.32/images/json HTTP/1.1
20:26:12.059 [Test worker] DEBUG com.github.dockerjava.zerodep.shaded.org.apache.hc.client5.http.impl.classic.InternalHttpClient -- ep-00000002: start execution ex-00000003
20:26:12.059 [Test worker] DEBUG com.github.dockerjava.zerodep.shaded.org.apache.hc.client5.http.impl.io.PoolingHttpClientConnectionManager -- ep-00000002: executing exchange ex-00000003 over http-outgoing-0
20:26:12.059 [Test worker] DEBUG com.github.dockerjava.zerodep.shaded.org.apache.hc.client5.http.headers -- http-outgoing-0 >> GET /v1.32/images/json HTTP/1.1
20:26:12.060 [Test worker] DEBUG com.github.dockerjava.zerodep.shaded.org.apache.hc.client5.http.headers -- http-outgoing-0 >> accept: application/json
20:26:12.061 [Test worker] DEBUG com.github.dockerjava.zerodep.shaded.org.apache.hc.client5.http.headers -- http-outgoing-0 >> x-tc-sid: 60802eac-f064-45fe-9801-167fc01bd305
20:26:12.061 [Test worker] DEBUG com.github.dockerjava.zerodep.shaded.org.apache.hc.client5.http.headers -- http-outgoing-0 >> Accept-Encoding: gzip, x-gzip, deflate
20:26:12.061 [Test worker] DEBUG com.github.dockerjava.zerodep.shaded.org.apache.hc.client5.http.headers -- http-outgoing-0 >> Host: localhost:2375
20:26:12.061 [Test worker] DEBUG com.github.dockerjava.zerodep.shaded.org.apache.hc.client5.http.headers -- http-outgoing-0 >> Connection: keep-alive
20:26:12.061 [Test worker] DEBUG com.github.dockerjava.zerodep.shaded.org.apache.hc.client5.http.headers -- http-outgoing-0 >> User-Agent: Apache-HttpClient/5.0.3 (Java/17.0.2)
20:26:12.061 [Test worker] DEBUG com.github.dockerjava.zerodep.shaded.org.apache.hc.client5.http.wire -- http-outgoing-0 >> "GET /v1.32/images/json HTTP/1.1[\r][\n]"
20:26:12.061 [Test worker] DEBUG com.github.dockerjava.zerodep.shaded.org.apache.hc.client5.http.wire -- http-outgoing-0 >> "accept: application/json[\r][\n]"
20:26:12.061 [Test worker] DEBUG com.github.dockerjava.zerodep.shaded.org.apache.hc.client5.http.wire -- http-outgoing-0 >> "x-tc-sid: 60802eac-f064-45fe-9801-167fc01bd305[\r][\n]"
20:26:12.061 [Test worker] DEBUG com.github.dockerjava.zerodep.shaded.org.apache.hc.client5.http.wire -- http-outgoing-0 >> "Accept-Encoding: gzip, x-gzip, deflate[\r][\n]"
20:26:12.062 [Test worker] DEBUG com.github.dockerjava.zerodep.shaded.org.apache.hc.client5.http.wire -- http-outgoing-0 >> "Host: localhost:2375[\r][\n]"
20:26:12.062 [Test worker] DEBUG com.github.dockerjava.zerodep.shaded.org.apache.hc.client5.http.wire -- http-outgoing-0 >> "Connection: keep-alive[\r][\n]"
20:26:12.062 [Test worker] DEBUG com.github.dockerjava.zerodep.shaded.org.apache.hc.client5.http.wire -- http-outgoing-0 >> "User-Agent: Apache-HttpClient/5.0.3 (Java/17.0.2)[\r][\n]"
20:26:12.062 [Test worker] DEBUG com.github.dockerjava.zerodep.shaded.org.apache.hc.client5.http.wire -- http-outgoing-0 >> "[\r][\n]"
20:26:12.421 [Test worker] DEBUG com.github.dockerjava.zerodep.shaded.org.apache.hc.client5.http.wire -- http-outgoing-0 << "HTTP/1.1 200 OK[\r][\n]"
20:26:12.422 [Test worker] DEBUG com.github.dockerjava.zerodep.shaded.org.apache.hc.client5.http.wire -- http-outgoing-0 << "Api-Version: 1.41[\r][\n]"
20:26:12.423 [Test worker] DEBUG com.github.dockerjava.zerodep.shaded.org.apache.hc.client5.http.wire -- http-outgoing-0 << "Content-Type: application/json[\r][\n]"
20:26:12.423 [Test worker] DEBUG com.github.dockerjava.zerodep.shaded.org.apache.hc.client5.http.wire -- http-outgoing-0 << "Date: Tue, 16 May 2023 17:26:12 GMT[\r][\n]"
20:26:12.423 [Test worker] DEBUG com.github.dockerjava.zerodep.shaded.org.apache.hc.client5.http.wire -- http-outgoing-0 << "Docker-Experimental: false[\r][\n]"
20:26:12.423 [Test worker] DEBUG com.github.dockerjava.zerodep.shaded.org.apache.hc.client5.http.wire -- http-outgoing-0 << "Ostype: linux[\r][\n]"
20:26:12.423 [Test worker] DEBUG com.github.dockerjava.zerodep.shaded.org.apache.hc.client5.http.wire -- http-outgoing-0 << "Server: Docker/20.10.21 (linux)[\r][\n]"
20:26:12.423 [Test worker] DEBUG com.github.dockerjava.zerodep.shaded.org.apache.hc.client5.http.wire -- http-outgoing-0 << "Transfer-Encoding: chunked[\r][\n]"
20:26:12.423 [Test worker] DEBUG com.github.dockerjava.zerodep.shaded.org.apache.hc.client5.http.wire -- http-outgoing-0 << "[\r][\n]"
20:26:12.424 [Test worker] DEBUG com.github.dockerjava.zerodep.shaded.org.apache.hc.client5.http.headers -- http-outgoing-0 << HTTP/1.1 200 OK
20:26:12.424 [Test worker] DEBUG com.github.dockerjava.zerodep.shaded.org.apache.hc.client5.http.headers -- http-outgoing-0 << Api-Version: 1.41
20:26:12.424 [Test worker] DEBUG com.github.dockerjava.zerodep.shaded.org.apache.hc.client5.http.headers -- http-outgoing-0 << Content-Type: application/json
20:26:12.424 [Test worker] DEBUG com.github.dockerjava.zerodep.shaded.org.apache.hc.client5.http.headers -- http-outgoing-0 << Date: Tue, 16 May 2023 17:26:12 GMT
20:26:12.424 [Test worker] DEBUG com.github.dockerjava.zerodep.shaded.org.apache.hc.client5.http.headers -- http-outgoing-0 << Docker-Experimental: false
20:26:12.424 [Test worker] DEBUG com.github.dockerjava.zerodep.shaded.org.apache.hc.client5.http.headers -- http-outgoing-0 << Ostype: linux
20:26:12.424 [Test worker] DEBUG com.github.dockerjava.zerodep.shaded.org.apache.hc.client5.http.headers -- http-outgoing-0 << Server: Docker/20.10.21 (linux)
20:26:12.424 [Test worker] DEBUG com.github.dockerjava.zerodep.shaded.org.apache.hc.client5.http.headers -- http-outgoing-0 << Transfer-Encoding: chunked
20:26:12.425 [Test worker] DEBUG com.github.dockerjava.zerodep.shaded.org.apache.hc.client5.http.impl.classic.MainClientExec -- ex-00000003: connection can be kept alive for 3 MINUTES
20:26:12.425 [Test worker] DEBUG com.github.dockerjava.zerodep.shaded.org.apache.hc.client5.http.wire -- http-outgoing-0 << "5ee9[\r][\n]"
20:26:12.427 [Test worker] DEBUG com.github.dockerjava.zerodep.shaded.org.apache.hc.client5.http.wire -- http-outgoing-0 << "[{"Containers":-1,"Created":1679782156,"Id":"sha256:d8144a8b763fbd37d6333a1eee85d08b45b618cbd0426c4dcf96267b454b669f","Labels":{"com.docker.compose.project":"docker","com.docker.compose.service":"app","com.docker.compose.version":"2.13.0"},"ParentId":"","RepoDigests":null,"RepoTags":["java-application:latest"],"SharedSize":-1,"Size":686746252,"VirtualSize":686746252},{"Containers":-1,"Created":1679778180,"Id":"sha256:41b976a8a0943c220f5f2572c16809e7d8ebb2aa93b7ed256bf2eb597de83d0c","Labels":null,"ParentId":"sha256:dcab9fe121ea22061e62fdb9ed91ce629fe1ea0c8957f849c29f610864d9e6dc","RepoDigests":["<none>@<none>"],"RepoTags":["<none>:<none>"],"SharedSize":-1,"Size":686744657,"VirtualSize":686744657},{"Containers":-1,"Created":1679775298,"Id":"sha256:64681c5069203849ec29f798588d435d282892298ccca5cc8742b81bed1207f0","Labels":null,"ParentId":"sha256:adb829c28ace6b3b571cee42f0c02ee140de558fab8b9a2efa6e75fd0df60352","RepoDigests":["<none>@<none>"],"RepoTags":["<none>:<none>"],"SharedSize":-1,"Size":645052004,"VirtualSize":645052004},{"Containers":-1,"Created":1679773618,"Id":"sha256:c14bf5f13c4a524b04e698871a767058a94e026c24a7e5bd8b69b4bb6d71df77","Labels":null,"ParentId":"sha256:842727eec1dbe22366821506bd1004295d7b52e982a3880467e91f411db8a56d","RepoDigests":["<none>@<none>"],"RepoTags":["<none>:<none>"],"SharedSize":-1,"Size":645051278,"VirtualSize":645051278},{"Containers":-1,"Created":1679773335,"Id":"sha256:20946b6c71ae3c54168a13e79726a423fe7f42a7237b58e4898464e33604a6c2","Labels":null,"ParentId":"sha256:edf991cfba57e9c0e7d1346689936c724a7cf3dcabe096cb1d940fca8f655db3","RepoDigests":["<none>@<none>"],"RepoTags":["<none>:<none>"],"SharedSize":-1,"Size":645052527,"VirtualSize":645052527},{"Containers":-1,"Created":1679756259,"Id":"sha256:e5188c4c7491d2e0f72fc147ba002da25315f25fc0a77bf1a4a3cbb6ef03c842","Labels":{"com.docker.compose.project":"docker","com.docker.compose.service":"data","com.docker.compose.version":"2.13.0"},"ParentId":"","RepoDigests":null,"RepoTags":["docker-data:latest"],"SharedSize":-1,"Size":645051845,"VirtualSize":645051845},{"Containers":-1,"Created":1679756175,"Id":"sha256:ebb62b841af78c347434772f50193542fddd20bd3d5af1c1026e87ffab944260","Labels":null,"ParentId":"sha256:6fab0ffaef25219936b25e64ee77cfcfecba463b43552c1209de98a53739996e","RepoDigests":["<none>@<none>"],"RepoTags":["<none>:<none>"],"SharedSize":-1,"Size":354497730,"VirtualSize":354497730},{"Containers":-1,"Created":1679755651,"Id":"sha256:a06f4a57f849a5991f05d3e12bf10b62794561342985a8208a5f161e39d55c08","Labels":null,"ParentId":"sha256:be7de4d556c6e5e682782c94d68cd095031fe579c2dc8e72b04573d1c5fe07c4","RepoDigests":["<none>@<none>"],"RepoTags":["<none>:<none>"],"SharedSize":-1,"Size":686745358,"VirtualSize":686745358},{"Containers":-1,"Created":1679697067,"Id":"sha256:1b3ebac4c33d9af2dd5677af2d4d50121447a849546a05a74f6307a1498d4551","Labels":null,"ParentId":"sha256:7cc8c57aff36536ab2f67f5a21b3f6ac7d1840ebb0b098827eaf4c9271c3d1dc","RepoDigests":["<none>@<none>"],"RepoTags":["<none>:<none>"],"SharedSize":-1,"Size":215647649,"VirtualSize":215647649},{"Containers":-1,"Created":1679694332,"Id":"sha256:516ecc3b682224a83f46fddc91352a3e66a9cf9f4059130d69da7cf22ed6c423","Labels":null,"ParentId":"sha256:1b0cda29714e3d459fa1496a9c65d57a4740223732aebfcc87ddde087878ab2a","RepoDigests":["<none>@<none>"],"RepoTags":["<none>:<none>"],"SharedSize":-1,"Size":215637300,"VirtualSize":215637300},{"Containers":-1,"Created":1679694327,"Id":"sha256:34b68e4ed65fe8ba07626936f9c37177c1355d6237bb9f3360c0796e0c826b74","Labels":null,"ParentId":"sha256:6c4433251f4b73fc897f7372b3e71d82d35c719cc0c1427ded914925ffd9f9f6","RepoDigests":["<none>@<none>"],"RepoTags":["<none>:<none>"],"SharedSize":-1,"Size":215636069,"VirtualSize":215636069},{"Containers":-1,"Created":1679694318,"Id":"sha256:09e5c58c76789ea59048f2aaeea62d824c2a14fe92ca46ad6119b9dc83c74ea6","Labels":null,"ParentId":"sha256:32a65d9d82c86220c38c099537c26d4543e2fc0d2a9916e39f0d06429f51815f","RepoDigests":["<none>@<none>"],"RepoTags":["<none>:<none>"],"SharedSize":-1,"Size":215635526,"VirtualSize":215635526},{"Containers":-1,"Created":1679693485,"Id":"sha256:f80842f553febe8f6ee34458deb5acf659d8489462678f0a0618621a568026c5","Labels":null,"ParentId":"sha256:959ecd35d4e93a015ee0688c615f2c7fbf39278db4c558010e6cd928d1b8b431","RepoDigests":["<none>@<none>"],"RepoTags":["<none>:<none>"],"SharedSize":-1,"Size":215635571,"VirtualSize":215635571},{"Containers":-1,"Created":1679691948,"Id":"sha256:106d3a8a583a6846a560fe8662a354f42fe10025908b73e363c92318afbbc736","Labels":null,"ParentId":"sha256:28eb86b689e4b5bfde4477779bd8a4d5076e0724cf94f7ca27ad03979bfb631e","RepoDigests":["<none>@<none>"],"RepoTags":["<none>:<none>"],"SharedSize":-1,"Size":215635526,"VirtualSize":215635526},{"Containers":-1,"Created":1679689717,"Id":"sha256:c248a607b91b8a7e2bf12a9504ede1ef400aa27ceb4b5a4e3586a218d1429616","Labels":{"com.docker.compose.project":"docker","com.docker.compose.service":"app","com.docker.compose.version":"2.13.0"},"ParentId":"","RepoDigests":null,"RepoTags":["docker-app:latest"],"SharedSize":-1,"Size":215635526,"VirtualSize":215635526},{"Containers":-1,"Created":1679689278,"Id":"sha256:85f79b77cdf6663072e708822fb4b841dec5b2b725395f2a76b92a7475396076","Labels":{"com.docker.compose.project":"docker","com.docker.compose.service":"business","com.docker.compose.version":"2.13.0"},"ParentId":"","RepoDigests":null,"RepoTags":["docker-business:latest"],"SharedSize":-1,"Size":215636069,"VirtualSize":215636069},{"Containers":-1,"Created":1679689068,"Id":"sha256:73be67294a6ffa993bec74502248c2a71f410902fe07c3c66a9016233d5629ad","Labels":null,"ParentId":"sha256:3562a181a6658f3344ee9d89e71cca550e3083d8d3312443d9dcdd95fe248acd","RepoDigests":["<none>@<none>"],"RepoTags":["<none>:<none>"],"SharedSize":-1,"Size":215637203,"VirtualSize":215637203},{"Containers":-1,"Created":1679688980,"Id":"sha256:0018a39a97a9fc72b939c610bacd0238fbf605018ad6853f7b4720d9057e80c1","Labels":null,"ParentId":"sha256:426c864dfac07f4b55199c8d43d9f3256f019c0cff617843707e33c136e195d0","RepoDigests":["<none>@<none>"],"RepoTags":["<none>:<none>"],"SharedSize":-1,"Size":215635526,"VirtualSize":215635526},{"Containers":-1,"Created":1679687960,"Id":"sha256:97b00c1e7718deff9bd61fddb857aab208ecc8f8fe276a94c0cb5cc7c9b2035a","Labels":null,"ParentId":"sha256:c172f6d2fa9320cc660d657c18a324be02f29daf6a1fba2ffc04d6b8ff848ee6","RepoDigests":["<none>@<none>"],"RepoTags":["<none>:<none>"],"SharedSize":-1,"Size":215636069,"VirtualSize":215636069},{"Containers":-1,"Created":1679686930,"Id":"sha256:9ce904284fe4f3f29f51a916c244a07a1f4987a7cef2493fb3945c226e004ef8","Labels":null,"ParentId":"sha256:a1aef51062387fc731472d3257e9086f72497dcb7a3f94c2e6487708c51584ad","RepoDigests":["<none>@<none>"],"RepoTags":["<none>:<none>"],"SharedSize":-1,"Size":215630623,"VirtualSize":215630623},{"Containers":-1,"Created":1679686904,"Id":"sha256:c8fc02cf5c7806e410ecc8b2595651a029c704a28e49a1d2b1d92f0c7ac2d30a","Labels":null,"ParentId":"sha256:a1aef51062387fc731472d3257e9086f72497dcb7a3f94c2e6487708c51584ad","RepoDigests":["<none>@<none>"],"RepoTags":["<none>:<none>"],"SharedSize":-1,"Size":215630623,"VirtualSize":215630623},{"Containers":-1,"Created":1679686892,"Id":"sha256:04269f6b8342aa995da1e807b0089d852ccd31122ba76a44d5d1ed37573d2b28","Labels":null,"ParentId":"sha256:a1aef51062387fc731472d3257e9086f72497dcb7a3f94c2e6487708c51584ad","RepoDigests":["<none>@<none>"],"RepoTags":["<none>:<none>"],"SharedSize":-1,"Size":215630623,"VirtualSize":215630623},{"Containers":-1,"Created":1679686292,"Id":"sha256:c95b3a833e87adbdcd9ace6e57cab7d19e725e2a50c3c85f9bd6fc7bb98ea114","Labels":null,"ParentId":"sha256:a1aef51062387fc731472d3257e9086f72497dcb7a3f94c2e6487708c51584ad","RepoDigests":["<none>@<none>"],"RepoTags":["<none>:<none>"],"SharedSize":-1,"Size":215630623,"VirtualSize":215630623},{"Containers":-1,"Created":1679685244,"Id":"sha256:0cb3537352ad775e0b581e81576add53da5364dbaa7a0461834f6aaedebe6345","Labels":null,"ParentId":"sha256:a1aef51062387fc731472d3257e9086f72497dcb7a3f94c2e6487708c51584ad","RepoDigests":["<none>@<none>"],"RepoTags":["<none>:<none>"],"SharedSize":-1,"Size":215630623,"VirtualSize":215630623},{"Containers":-"
20:26:12.469 [Test worker] DEBUG com.github.dockerjava.zerodep.shaded.org.apache.hc.client5.http.wire -- http-outgoing-0 << "1,"Created":1679685218,"Id":"sha256:f855ec2ba86fde153a69f52d3af93cb247d9906ebc925032872fac9aeba7901e","Labels":null,"ParentId":"sha256:a1aef51062387fc731472d3257e9086f72497dcb7a3f94c2e6487708c51584ad","RepoDigests":["<none>@<none>"],"RepoTags":["<none>:<none>"],"SharedSize":-1,"Size":215630623,"VirtualSize":215630623},{"Containers":-1,"Created":1679685036,"Id":"sha256:bffe2ae197ab5efc85ae3ec8015832b16a2b6ab8c6c2ef538d761435ad8fba70","Labels":null,"ParentId":"sha256:a1aef51062387fc731472d3257e9086f72497dcb7a3f94c2e6487708c51584ad","RepoDigests":["<none>@<none>"],"RepoTags":["<none>:<none>"],"SharedSize":-1,"Size":215630623,"VirtualSize":215630623},{"Containers":-1,"Created":1679684921,"Id":"sha256:f8529fd7a2bf137466dee98c93ab331577187e40090bde9f083bd614352dd2d5","Labels":null,"ParentId":"sha256:a1aef51062387fc731472d3257e9086f72497dcb7a3f94c2e6487708c51584ad","RepoDigests":["<none>@<none>"],"RepoTags":["<none>:<none>"],"SharedSize":-1,"Size":215630623,"VirtualSize":215630623},{"Containers":-1,"Created":1679684877,"Id":"sha256:c18e5497ca7cc68da0a3749aceb89a7d020aa7b84f36bab5dc93bbe535fe2c15","Labels":null,"ParentId":"sha256:a1aef51062387fc731472d3257e9086f72497dcb7a3f94c2e6487708c51584ad","RepoDigests":["<none>@<none>"],"RepoTags":["<none>:<none>"],"SharedSize":-1,"Size":215630623,"VirtualSize":215630623},{"Containers":-1,"Created":1679684818,"Id":"sha256:68097ad2bb6e87b1f66978a241e7b8f8639a8662da69604b37489ff65613559e","Labels":null,"ParentId":"sha256:a1aef51062387fc731472d3257e9086f72497dcb7a3f94c2e6487708c51584ad","RepoDigests":["<none>@<none>"],"RepoTags":["<none>:<none>"],"SharedSize":-1,"Size":215630623,"VirtualSize":215630623},{"Containers":-1,"Created":1679684755,"Id":"sha256:e1c1b27ad4744b703f841a0bfad286d8eb7629d2b6cf62a907e8dbe1e251b702","Labels":null,"ParentId":"sha256:a1aef51062387fc731472d3257e9086f72497dcb7a3f94c2e6487708c51584ad","RepoDigests":["<none>@<none>"],"RepoTags":["<none>:<none>"],"SharedSize":-1,"Size":215630623,"VirtualSize":215630623},{"Containers":-1,"Created":1679612213,"Id":"sha256:8838ae03700319ff34e016e7e4b9dcfe76efc2c66bbd932d41298ede9d690d33","Labels":null,"ParentId":"sha256:51480f45a7b22006b1191bcf762db3b1a2ce310f75614b652e390a020ec666db","RepoDigests":["<none>@<none>"],"RepoTags":["<none>:<none>"],"SharedSize":-1,"Size":215637341,"VirtualSize":215637341},{"Containers":-1,"Created":1679578193,"Id":"sha256:83b725413eca641f768dd57a764b4bce71f46aef04a357e7a00025f3a2b4fe3d","Labels":null,"ParentId":"","RepoDigests":["postgres@sha256:9f263fc4bda05b418690b5b77cc34f9303ef4e55c820c61103cd1f3537ebb05e"],"RepoTags":["postgres:13"],"SharedSize":-1,"Size":354497315,"VirtualSize":354497315},{"Containers":-1,"Created":1679530907,"Id":"sha256:ed5163a66ec447d9880a729144e51c55a58a6470e96ca7d5dee2fd29e11087ab","Labels":{"com.docker.compose.project":"docker","com.docker.compose.service":"db","com.docker.compose.version":"2.13.0"},"ParentId":"","RepoDigests":null,"RepoTags":["docker-db:latest"],"SharedSize":-1,"Size":543791293,"VirtualSize":543791293},{"Containers":-1,"Created":1679530907,"Id":"sha256:996fa9077f757f6a87943dd5d5fff378cb0448baad30e625d7bdb4b8ce71df77","Labels":null,"ParentId":"","RepoDigests":["mysql@sha256:ca114710bb35b862062fd51733a7dba1ba3e93be33e4eede442b0ce15c77b718"],"RepoTags":["mysql:8.0"],"SharedSize":-1,"Size":543791293,"VirtualSize":543791293},{"Containers":-1,"Created":1678438672,"Id":"sha256:3ee38b42dfd42efcccbf3cdc218af442524c9e751eaae6576693b958417d6159","Labels":{"org.testcontainers.ryuk":"true"},"ParentId":"","RepoDigests":["testcontainers/ryuk@sha256:b874cc015594f275ad3ffb6a135c015c52ce04a2eba377c963abe25a84628167"],"RepoTags":["testcontainers/ryuk:0.4.0"],"SharedSize":-1,"Size":12170715,"VirtualSize":12170715},{"Containers":-1,"Created":1673718730,"Id":"sha256:165dfa03ded50d1e86a479f50517e66aac1b3b217ee4681669d07b3f50da552c","Labels":{"com.docker.compose.project":"task","com.docker.compose.service":"app","com.docker.compose.version":"2.13.0"},"ParentId":"","RepoDigests":null,"RepoTags":["task-app:latest"],"SharedSize":-1,"Size":548188831,"VirtualSize":548188831},{"Containers":-1,"Created":1673718730,"Id":"sha256:03f8e3a74cbbe281b568fff92a200fe94ecddf96fe5dac609a3ea110cbda1329","Labels":{"com.docker.compose.project":"task","com.docker.compose.service":"app1","com.docker.compose.version":"2.13.0"},"ParentId":"","RepoDigests":null,"RepoTags":["task-app1:latest"],"SharedSize":-1,"Size":562146298,"VirtualSize":562146298},{"Containers":-1,"Created":1673714770,"Id":"sha256:d8fcfcd0aa957db6b54b71ecf40cbad8294a9d58825a39687d8e6a3e9abc4b71","Labels":null,"ParentId":"sha256:a52d5b6d72411ef70555ef73ddf721f1e2c2f6f1c7ffd06efd6b91d5848b2ce4","RepoDigests":["<none>@<none>"],"RepoTags":["<none>:<none>"],"SharedSize":-1,"Size":562146298,"VirtualSize":562146298},{"Containers":-1,"Created":1673714589,"Id":"sha256:27574f8d62495d01fa5308c97716b32daacda6abf8cecadaec6d28a7813055a5","Labels":null,"ParentId":"sha256:cc09019a3a183c6cf0a3a557e81d6c2a2fb52ad5d3c8030b73c49769e3fecb4e","RepoDigests":["<none>@<none>"],"RepoTags":["<none>:<none>"],"SharedSize":-1,"Size":548188831,"VirtualSize":548188831},{"Containers":-1,"Created":1673714393,"Id":"sha256:1388ab47d26d6ba696caba4d47e1426fd24f726e8839a0ccb2d5f4026a6790c5","Labels":null,"ParentId":"sha256:d6ae4d5c19303292e69bd710f1e2b206b038fa86b874bd074ece9fb5b47f3011","RepoDigests":["<none>@<none>"],"RepoTags":["<none>:<none>"],"SharedSize":-1,"Size":548188829,"VirtualSize":548188829},{"Containers":-1,"Created":1673714260,"Id":"sha256:cce5ceb8c37679e6aa289e9475583f5d7e371b0d5b36fcc3a9ad5024505fc18c","Labels":null,"ParentId":"sha256:3652535a4457f85b990a4e435a782353af83dade02888afdae891689c19fd0d3","RepoDigests":["<none>@<none>"],"RepoTags":["<none>:<none>"],"SharedSize":-1,"Size":548188829,"VirtualSize":548188829},{"Containers":-1,"Created":1673714132,"Id":"sha256:44b7ef2dcc6576af86859fd4fcb1a5013776f0091a63eca0b7f5f059453c453c","Labels":null,"ParentId":"sha256:0876b1897ea02c63ac6a1a0b6c69a8b746a82442abe9840e1818223a361f9597","RepoDigests":["<none>@<none>"],"RepoTags":["<none>:<none>"],"SharedSize":-1,"Size":548189022,"VirtualSize":548189022},{"Containers":-1,"Created":1673714046,"Id":"sha256:e583e6f8000a08d1b7eaae51b9cad102f7589b0f20945b39f29fb8ccb2b91f07","Labels":null,"ParentId":"sha256:927ff27075f58beb69cc7ab708f9070dce06c2fee84b8ab555cb457ee68f59f7","RepoDigests":["<none>@<none>"],"RepoTags":["<none>:<none>"],"SharedSize":-1,"Size":501315599,"VirtualSize":501315599},{"Containers":-1,"Created":1673712697,"Id":"sha256:dd15a217dbd69424fec38e5ee2532dedfaab077bafc1c9de9fbe10db25bcabd2","Labels":null,"ParentId":"sha256:cdbcf4ad974f440b9a574134082f972c0f9e956ffb05b8b2dbdc83f16fe9cf62","RepoDigests":["<none>@<none>"],"RepoTags":["<none>:<none>"],"SharedSize":-1,"Size":548188831,"VirtualSize":548188831},{"Containers":-1,"Created":1671560579,"Id":"sha256:c4d89fcbf030f7c5b8d9deeaa5c368007b6f51c9f0501bf5303dfd985cc065d7","Labels":{"com.docker.compose.project":"docker","com.docker.compose.service":"app","com.docker.compose.version":"2.13.0"},"ParentId":"","RepoDigests":null,"RepoTags":["my-java-application:latest"],"SharedSize":-1,"Size":544886892,"VirtualSize":544886892},{"Containers":-1,"Created":1671560051,"Id":"sha256:94dabe4d8804c70e8f724776f8fe94b1172dbe20d5dd0e6d03da425411b816ae","Labels":null,"ParentId":"sha256:91bbd677ab356c9f95ee0e054a580841cd2e2cfc04821bb19444af803280d4a6","RepoDigests":["<none>@<none>"],"RepoTags":["<none>:<none>"],"SharedSize":-1,"Size":544886892,"VirtualSize":544886892},{"Containers":-1,"Created":1671559094,"Id":"sha256:142856ff674bbf224bf3cf4f9fe3621b9f9e8c32a33d533a1092cc35fd547e35","Labels":null,"ParentId":"sha256:4909c4fa13c775c3e6189be0caedb92553096c62445b2b0bd6d4971e317d52e7","RepoDigests":["<none>@<none>"],"RepoTags":["<none>:<none>"],"SharedSize":-1,"Size":544886893,"VirtualSize":544886893},{"Containers":-1,"Created":1671551010,"Id":"sha256:db944655a8385ab4db49d439bd8acfd4df69abe1f5cbef11961fc43723794336","Labels":null,"ParentId":"sha256:8ac0872d913eb51c0"
20:26:12.500 [Test worker] DEBUG com.github.dockerjava.zerodep.shaded.org.apache.hc.client5.http.wire -- http-outgoing-0 << "5c1d4afa7fe5c5392ef2c214702165543ebe642e557a332","RepoDigests":["<none>@<none>"],"RepoTags":["<none>:<none>"],"SharedSize":-1,"Size":544886893,"VirtualSize":544886893},{"Containers":-1,"Created":1671549601,"Id":"sha256:2dde8d228dfde604c5e545cafd685a9f5323c37b64e06a9f293f3b7c2338cbf3","Labels":null,"ParentId":"sha256:2b5171f47095e585ec214a83353aa45a76b26ef28902399e9fd7c705e318b162","RepoDigests":null,"RepoTags":["docker-packeg-only-build-demo:1.0-SNAPSHOT"],"SharedSize":-1,"Size":394028721,"VirtualSize":394028721},{"Containers":-1,"Created":1671337574,"Id":"sha256:248392897bd86d3e4d88bbcc4c283507eccd3a93ca0b302f43fd1ddcbd672fc4","Labels":{"io.buildah.version":"1.28.0","org.opencontainers.image.authors":"Kali Developers <devel@kali.org>","org.opencontainers.image.created":"2022-12-18T04:24:54Z","org.opencontainers.image.description":"Official Kali Linux container image for kali-rolling","org.opencontainers.image.revision":"603efb70","org.opencontainers.image.source":"https://gitlab.com/kalilinux/build-scripts/kali-docker","org.opencontainers.image.title":"Kali Linux (kali-rolling branch)","org.opencontainers.image.url":"https://www.kali.org/","org.opencontainers.image.vendor":"Offensive Security","org.opencontainers.image.version":"2022.12.18"},"ParentId":"","RepoDigests":["kalilinux/kali-rolling@sha256:700ed696a391d66a9f93b74a05501341c934420f085deada452d11bc0a4110fc"],"RepoTags":["kalilinux/kali-rolling:latest"],"SharedSize":-1,"Size":139591947,"VirtualSize":139591947},{"Containers":-1,"Created":1670972562,"Id":"sha256:e378acb121f162c57fa8d8b1ce001b5260fe81dc8f94cf1655ad6de2f4c25e03","Labels":{"com.docker.compose.project":"task","com.docker.compose.service":"postgres1","com.docker.compose.version":"2.13.0"},"ParentId":"","RepoDigests":null,"RepoTags":["task-postgres1:latest"],"SharedSize":-1,"Size":234862907,"VirtualSize":234862907},{"Containers":-1,"Created":1670972562,"Id":"sha256:09e6cadff646b369fd6f80b5216c78aa84f30299aa8ed73afb4d949569b403d8","Labels":null,"ParentId":"","RepoDigests":["postgres@sha256:542de5aa08fc8e65a6348b64a92bc77d83595772f3f5c48ac9e060bf80676abd"],"RepoTags":["postgres:12-alpine"],"SharedSize":-1,"Size":234862907,"VirtualSize":234862907},{"Containers":-1,"Created":1670972562,"Id":"sha256:e705955514aad840208257986cfc0f09961df1f66d5e8670144c32073b2fa39c","Labels":{"com.docker.compose.project":"task","com.docker.compose.service":"postgres","com.docker.compose.version":"2.13.0"},"ParentId":"","RepoDigests":null,"RepoTags":["task-postgres:latest"],"SharedSize":-1,"Size":234862907,"VirtualSize":234862907},{"Containers":-1,"Created":1670972562,"Id":"sha256:b70cfd0bfad3d51946b3db8d4d624b0c7c25eae803405c126877b83f79f71ce0","Labels":{"com.docker.compose.project":"services","com.docker.compose.service":"postgres","com.docker.compose.version":"2.13.0"},"ParentId":"","RepoDigests":null,"RepoTags":["services-postgres:latest"],"SharedSize":-1,"Size":234862907,"VirtualSize":234862907},{"Containers":-1,"Created":1670972562,"Id":"sha256:6da0e5668438a490fc8f5e05c3c85da29c625089158233f2a3589f19abdbe9f6","Labels":{"com.docker.compose.project":"docker","com.docker.compose.service":"postgres","com.docker.compose.version":"2.13.0"},"ParentId":"","RepoDigests":null,"RepoTags":["docker-postgres:latest"],"SharedSize":-1,"Size":234862907,"VirtualSize":234862907},{"Containers":-1,"Created":1670308579,"Id":"sha256:5eea76716a190d10fd866f5ac6498c8306382f55c6d910231d37a749ad305960","Labels":null,"ParentId":"","RepoDigests":["postgres@sha256:10d6e725f9b2f5531617d93164f4fc85b1739e04cab62cbfbfb81ccd866513b8"],"RepoTags":["postgres:latest"],"SharedSize":-1,"Size":359395773,"VirtualSize":359395773},{"Containers":-1,"Created":1659415832,"Id":"sha256:a1aef51062387fc731472d3257e9086f72497dcb7a3f94c2e6487708c51584ad","Labels":null,"ParentId":"","RepoDigests":["openjdk@sha256:93af7df2308c5141a751c4830e6b6c5717db102b3b31f012ea29d842dc4f2b02"],"RepoTags":["openjdk:11-jre-slim"],"SharedSize":-1,"Size":215630623,"VirtualSize":215630623},{"Containers":-1,"Created":1659415687,"Id":"sha256:c8fb8288d1c89440efe3909ad87bc39853142269ae98a9a9e1a808d09a449811","Labels":null,"ParentId":"","RepoDigests":["openjdk@sha256:99bac5bf83633e3c7399aed725c8415e7b569b54e03e4599e580fc9cdb7c21ab"],"RepoTags":["openjdk:11"],"SharedSize":-1,"Size":645044583,"VirtualSize":645044583},{"Containers":-1,"Created":1659017550,"Id":"sha256:5d28cedc492d64d21c11814d84d9d41566f07023b9c95245e163b05acfcb7172","Labels":null,"ParentId":"","RepoDigests":["testcontainers/ryuk@sha256:0c8faa0a3ad1e154f9d8d5d78627b40d7359ff3f7d3f98556aa32157ad8fd924"],"RepoTags":["testcontainers/ryuk:0.3.4"],"SharedSize":-1,"Size":11483382,"VirtualSize":11483382},{"Containers":-1,"Created":1653720508,"Id":"sha256:12b9b2057476daa75bdb842f7b52629b7c523c0a5100cbbaf50533f8f0d1496e","Labels":null,"ParentId":"","RepoDigests":["postgres@sha256:2d1e636f07781d4799b3f2edbff78a0a5494f24c4512cb56a83ebfd0e04ec074"],"RepoTags":["postgres:14.3"],"SharedSize":-1,"Size":355431036,"VirtualSize":355431036},{"Containers":-1,"Created":1652255667,"Id":"sha256:8b547b8bf0d75730568b4509a90590dc7b0ebdea72b91bcbfe51f8bd17e48514","Labels":null,"ParentId":"","RepoDigests":["postgres@sha256:2c954f8c5d03da58f8b82645b783b56c1135df17e650b186b296fa1bb71f9cfd"],"RepoTags":["postgres:14.2"],"SharedSize":-1,"Size":355373363,"VirtualSize":355373363},{"Containers":-1,"Created":1651102194,"Id":"sha256:4717374ea615130b05563033606c237efe452e58018595092592ed35a1fb8d5e","Labels":null,"ParentId":"","RepoDigests":["openjdk@sha256:528707081fdb9562eb819128a9f85ae7fe000e2fbaeaf9f87662e7b3f38cb7d8"],"RepoTags":["openjdk:17-jdk"],"SharedSize":-1,"Size":501295850,"VirtualSize":501295850},{"Containers":-1,"Created":1649690734,"Id":"sha256:157095baba98513dfef4ea00423767d8dae10edfeb629e9d39ea456e53f51e6a","Labels":{"maintainer":"NGINX Docker Maintainers <docker-maint@nginx.com>"},"ParentId":"","RepoDigests":["docker/getting-started@sha256:b558be874169471bd4e65bd6eac8c303b271a7ee8553ba47481b73b2bf597aae"],"RepoTags":["docker/getting-started:latest"],"SharedSize":-1,"Size":27368333,"VirtualSize":27368333},{"Containers":-1,"Created":1635284627,"Id":"sha256:007f798552db9e64894204b0a5035a3c1f328133a0196343fb3f237683f0e056","Labels":null,"ParentId":"","RepoDigests":["postgres@sha256:1adb50e5c24f550a9e68457a2ce60e9e4103dfc43c3b36e98310168165b443a1"],"RepoTags":["postgres:13.4"],"SharedSize":-1,"Size":351008734,"VirtualSize":351008734},{"Containers":-1,"Created":1634200852,"Id":"sha256:146fb8d54138d1e861eaea12fc359a15db6bc52e8db67829b3ef20a9736ab367","Labels":null,"ParentId":"","RepoDigests":["testcontainers/ryuk@sha256:d50c04005142e165182b2e408d0c76f3cc38ca4db4af14125ce1b938820e5cef"],"RepoTags":["testcontainers/ryuk:0.3.3"],"SharedSize":-1,"Size":11506521,"VirtualSize":11506521},{"Containers":-1,"Created":1630937692,"Id":"sha256:4d0211d377dfc0a7667ff2c35fda108c03cad5850df702fd41de4d7a450a58c0","Labels":null,"ParentId":"","RepoDigests":["dpage/pgadmin4@sha256:64475197fc11cb8169de7e59cd4ea15872b3edafe22f87ea7bc23ba7f00bbe96"],"RepoTags":["dpage/pgadmin4:5.7"],"SharedSize":-1,"Size":250936723,"VirtualSize":250936723},{"Containers":-1,"Created":1626946761,"Id":"sha256:0904b518ad08b6c7fc606f88b392865380ea9876d15e204520c2149f366a0e80","Labels":null,"ParentId":"","RepoDigests":["postgres@sha256:6647385dd9ae11aa2216bf55c54d126b0a85637b3cf4039ef24e3234113588e3"],"RepoTags":["postgres:13.3"],"SharedSize":-1,"Size":300350350,"VirtualSize":300350350},{"Containers":-1,"Created":1591710345,"Id":"sha256:90cdc1b06e97e0c1d415865f70317eeb14c574ba509670063a532042b7cd54ad","Labels":null,"ParentId":"","RepoDigests":["openjdk@sha256:b577374a385b86572caad3050b122b6aa6dd911cf37421667d248e9d1c638e44"],"RepoTags":["openjdk:11.0.7-jdk-slim"],"SharedSize":-1,"Size":393990669,"VirtualSize":393990669},{"Containers":-1,"Created":1557327971,"Id":"sha256:a566729567765247015e168deef7243010543ebb17889ae5b84f58f41e82205d","Labels":null,"ParentId":"","RepoDigests":["postgres@sha256:7ea445e9e8f1456ff1d27891901719d088c94e27e1d4a3"
20:26:12.532 [Test worker] DEBUG com.github.dockerjava.zerodep.shaded.org.apache.hc.client5.http.wire -- http-outgoing-0 << "d0f68c485dad5cb673"],"RepoTags":["postgres:9.6.12"],"SharedSize":-1,"Size":219814678,"VirtualSize":219814678}][\n]"
20:26:12.532 [Test worker] DEBUG com.github.dockerjava.zerodep.shaded.org.apache.hc.client5.http.wire -- http-outgoing-0 << "[\r][\n]"
20:26:12.532 [Test worker] DEBUG com.github.dockerjava.zerodep.shaded.org.apache.hc.client5.http.wire -- http-outgoing-0 << "0[\r][\n]"
20:26:12.532 [Test worker] DEBUG com.github.dockerjava.zerodep.shaded.org.apache.hc.client5.http.wire -- http-outgoing-0 << "[\r][\n]"
20:26:12.534 [Test worker] DEBUG com.github.dockerjava.zerodep.shaded.org.apache.hc.client5.http.impl.classic.InternalHttpClient -- ep-00000002: releasing valid endpoint
20:26:12.535 [Test worker] DEBUG com.github.dockerjava.zerodep.shaded.org.apache.hc.client5.http.impl.io.PoolingHttpClientConnectionManager -- ep-00000002: releasing endpoint
20:26:12.536 [Test worker] DEBUG com.github.dockerjava.zerodep.shaded.org.apache.hc.client5.http.impl.io.PoolingHttpClientConnectionManager -- ep-00000002: connection http-outgoing-0 can be kept alive for 3 MINUTES
20:26:12.537 [Test worker] DEBUG com.github.dockerjava.zerodep.shaded.org.apache.hc.client5.http.impl.io.PoolingHttpClientConnectionManager -- ep-00000002: connection released [route: {}->unix://localhost:2375][total available: 1; route allocated: 1 of 2147483647; total allocated: 1 of 2147483647]
20:26:12.558 [Test worker] DEBUG org.testcontainers.images.AbstractImagePullPolicy -- Using locally available and not pulling image: testcontainers/ryuk:0.4.0
20:26:12.559 [Test worker] DEBUG tc.testcontainers/ryuk:0.4.0 -- Starting container: testcontainers/ryuk:0.4.0
20:26:12.567 [Test worker] DEBUG tc.testcontainers/ryuk:0.4.0 -- Trying to start container: testcontainers/ryuk:0.4.0 (attempt 1/1)
20:26:12.567 [Test worker] DEBUG tc.testcontainers/ryuk:0.4.0 -- Starting container: testcontainers/ryuk:0.4.0
20:26:12.567 [Test worker] INFO tc.testcontainers/ryuk:0.4.0 -- Creating container for image: testcontainers/ryuk:0.4.0
20:26:12.581 [Test worker] DEBUG org.testcontainers.utility.RegistryAuthLocator -- Looking up auth config for image: testcontainers/ryuk:0.4.0 at registry: https://index.docker.io/v1/
20:26:12.582 [Test worker] DEBUG org.testcontainers.utility.RegistryAuthLocator -- RegistryAuthLocator has configFile: /Users/artemaverkov/.docker/config.json (exists) configEnv: DOCKER_AUTH_CONFIG (does not exist) and commandPathPrefix: 
20:26:12.582 [Test worker] DEBUG org.testcontainers.utility.RegistryAuthLocator -- RegistryAuthLocator reading from configFile: /Users/artemaverkov/.docker/config.json
20:26:12.585 [Test worker] DEBUG org.testcontainers.utility.RegistryAuthLocator -- registryName [https://index.docker.io/v1/] for dockerImageName [testcontainers/ryuk:0.4.0]
20:26:12.585 [Test worker] DEBUG org.testcontainers.utility.RegistryAuthLocator -- Executing docker credential provider: docker-credential-desktop to locate auth config for: https://index.docker.io/v1/
20:26:12.615 [Test worker] DEBUG org.testcontainers.shaded.org.zeroturnaround.exec.ProcessExecutor -- Executing [docker-credential-desktop, get].
20:26:12.740 [Test worker] DEBUG org.testcontainers.shaded.org.zeroturnaround.exec.ProcessExecutor -- Started Process[pid=72613, exitValue="not exited"]
20:26:15.414 [WaitForProcess-Process[pid=72613, exitValue="not exited"]] DEBUG org.testcontainers.shaded.org.zeroturnaround.exec.WaitForProcess -- Process[pid=72613, exitValue=1] stopped with exit code 1
20:26:15.432 [Test worker] DEBUG org.testcontainers.shaded.org.zeroturnaround.exec.ProcessExecutor -- Executing [docker-credential-desktop, get].
20:26:15.462 [Test worker] DEBUG org.testcontainers.shaded.org.zeroturnaround.exec.ProcessExecutor -- Started Process[pid=72634, exitValue="not exited"]
20:26:15.683 [WaitForProcess-Process[pid=72634, exitValue="not exited"]] DEBUG org.testcontainers.shaded.org.zeroturnaround.exec.WaitForProcess -- Process[pid=72634, exitValue=1] stopped with exit code 1
20:26:15.685 [Test worker] DEBUG org.testcontainers.utility.RegistryAuthLocator -- Got credentials not found error message from docker credential helper - credentials not found in native keychain
20:26:15.686 [Test worker] INFO org.testcontainers.utility.RegistryAuthLocator -- Credential helper/store (docker-credential-desktop) does not have credentials for https://index.docker.io/v1/
20:26:15.690 [Test worker] DEBUG org.testcontainers.utility.RegistryAuthLocator -- No matching Auth Configs - falling back to defaultAuthConfig [null]
20:26:15.690 [Test worker] DEBUG org.testcontainers.dockerclient.AuthDelegatingDockerClientConfig -- Effective auth config [null]
20:26:15.812 [Test worker] DEBUG org.testcontainers.shaded.com.github.dockerjava.core.command.AbstrDockerCmd -- Cmd: org.testcontainers.shaded.com.github.dockerjava.core.command.CreateContainerCmdImpl@761956ac[aliases=<null>,argsEscaped=<null>,attachStderr=<null>,attachStdin=<null>,attachStdout=<null>,authConfig=<null>,cmd={},domainName=<null>,entrypoint=<null>,env={},exposedPorts=ExposedPorts(exposedPorts=[8080/tcp]),healthcheck=<null>,hostConfig=HostConfig(binds=[/var/run/docker.sock:/var/run/docker.sock:rw], blkioWeight=null, blkioWeightDevice=null, blkioDeviceReadBps=null, blkioDeviceWriteBps=null, blkioDeviceReadIOps=null, blkioDeviceWriteIOps=null, memorySwappiness=null, nanoCPUs=null, capAdd=null, capDrop=null, containerIDFile=null, cpuPeriod=null, cpuRealtimePeriod=null, cpuRealtimeRuntime=null, cpuShares=null, cpuQuota=null, cpusetCpus=null, cpusetMems=null, devices=null, deviceCgroupRules=null, deviceRequests=null, diskQuota=null, dns=null, dnsOptions=null, dnsSearch=null, extraHosts=[], groupAdd=null, ipcMode=null, cgroup=null, links=[], logConfig=LogConfig(type=null, config=null), lxcConf=null, memory=null, memorySwap=null, memoryReservation=null, kernelMemory=null, networkMode=null, oomKillDisable=null, init=null, autoRemove=true, oomScoreAdj=null, portBindings={8080/tcp=[Lcom.github.dockerjava.api.model.Ports$Binding;@7a04fea7}, privileged=false, publishAllPorts=null, readonlyRootfs=null, restartPolicy=null, ulimits=null, cpuCount=null, cpuPercent=null, ioMaximumIOps=null, ioMaximumBandwidth=null, volumesFrom=[], mounts=null, pidMode=null, isolation=null, securityOpts=null, storageOpt=null, cgroupParent=null, volumeDriver=null, shmSize=null, pidsLimit=null, runtime=null, tmpFs=null, utSMode=null, usernsMode=null, sysctls=null, consoleSize=null, cgroupnsMode=null),hostName=<null>,image=testcontainers/ryuk:0.4.0,ipv4Address=<null>,ipv6Address=<null>,labels={org.testcontainers=true, org.testcontainers.lang=java, org.testcontainers.version=1.18.1},macAddress=<null>,name=testcontainers-ryuk-60802eac-f064-45fe-9801-167fc01bd305,networkDisabled=<null>,networkingConfig=<null>,onBuild=<null>,platform=<null>,portSpecs=<null>,shell=<null>,stdInOnce=<null>,stdinOpen=<null>,stopSignal=<null>,stopTimeout=<null>,tty=<null>,user=<null>,volumes=Volumes(volumes=[]),workingDir=<null>]
20:26:16.122 [Test worker] DEBUG com.github.dockerjava.zerodep.shaded.org.apache.hc.client5.http.impl.classic.InternalHttpClient -- ex-00000004: preparing request execution
20:26:16.124 [Test worker] DEBUG com.github.dockerjava.zerodep.shaded.org.apache.hc.client5.http.protocol.RequestAddCookies -- Cookie spec selected: strict
20:26:16.124 [Test worker] DEBUG com.github.dockerjava.zerodep.shaded.org.apache.hc.client5.http.protocol.RequestAuthCache -- Auth cache not set in the context
20:26:16.124 [Test worker] DEBUG com.github.dockerjava.zerodep.shaded.org.apache.hc.client5.http.impl.classic.ProtocolExec -- ex-00000004: target auth state: UNCHALLENGED
20:26:16.130 [Test worker] DEBUG com.github.dockerjava.zerodep.shaded.org.apache.hc.client5.http.impl.classic.ProtocolExec -- ex-00000004: proxy auth state: UNCHALLENGED
20:26:16.130 [Test worker] DEBUG com.github.dockerjava.zerodep.shaded.org.apache.hc.client5.http.impl.classic.ConnectExec -- ex-00000004: acquiring connection with route {}->unix://localhost:2375
20:26:16.131 [Test worker] DEBUG com.github.dockerjava.zerodep.shaded.org.apache.hc.client5.http.impl.classic.InternalHttpClient -- ex-00000004: acquiring endpoint (3 MINUTES)
20:26:16.131 [Test worker] DEBUG com.github.dockerjava.zerodep.shaded.org.apache.hc.client5.http.impl.io.PoolingHttpClientConnectionManager -- ex-00000004: endpoint lease request (3 MINUTES) [route: {}->unix://localhost:2375][total available: 1; route allocated: 1 of 2147483647; total allocated: 1 of 2147483647]
20:26:16.132 [Test worker] DEBUG com.github.dockerjava.zerodep.shaded.org.apache.hc.client5.http.impl.io.PoolingHttpClientConnectionManager -- ex-00000004: endpoint leased [route: {}->unix://localhost:2375][total available: 0; route allocated: 1 of 2147483647; total allocated: 1 of 2147483647]
20:26:16.132 [Test worker] DEBUG com.github.dockerjava.zerodep.shaded.org.apache.hc.client5.http.impl.io.PoolingHttpClientConnectionManager -- ex-00000004: acquired ep-00000003
20:26:16.132 [Test worker] DEBUG com.github.dockerjava.zerodep.shaded.org.apache.hc.client5.http.impl.classic.InternalHttpClient -- ex-00000004: acquired endpoint ep-00000003
20:26:16.132 [Test worker] DEBUG com.github.dockerjava.zerodep.shaded.org.apache.hc.client5.http.impl.classic.MainClientExec -- ex-00000004: executing POST /v1.32/containers/create?name=testcontainers-ryuk-60802eac-f064-45fe-9801-167fc01bd305 HTTP/1.1
20:26:16.132 [Test worker] DEBUG com.github.dockerjava.zerodep.shaded.org.apache.hc.client5.http.impl.classic.InternalHttpClient -- ep-00000003: start execution ex-00000004
20:26:16.132 [Test worker] DEBUG com.github.dockerjava.zerodep.shaded.org.apache.hc.client5.http.impl.io.PoolingHttpClientConnectionManager -- ep-00000003: executing exchange ex-00000004 over http-outgoing-0
20:26:16.133 [Test worker] DEBUG com.github.dockerjava.zerodep.shaded.org.apache.hc.client5.http.headers -- http-outgoing-0 >> POST /v1.32/containers/create?name=testcontainers-ryuk-60802eac-f064-45fe-9801-167fc01bd305 HTTP/1.1
20:26:16.134 [Test worker] DEBUG com.github.dockerjava.zerodep.shaded.org.apache.hc.client5.http.headers -- http-outgoing-0 >> accept: application/json
20:26:16.134 [Test worker] DEBUG com.github.dockerjava.zerodep.shaded.org.apache.hc.client5.http.headers -- http-outgoing-0 >> content-type: application/json
20:26:16.134 [Test worker] DEBUG com.github.dockerjava.zerodep.shaded.org.apache.hc.client5.http.headers -- http-outgoing-0 >> x-tc-sid: 60802eac-f064-45fe-9801-167fc01bd305
20:26:16.134 [Test worker] DEBUG com.github.dockerjava.zerodep.shaded.org.apache.hc.client5.http.headers -- http-outgoing-0 >> Accept-Encoding: gzip, x-gzip, deflate
20:26:16.134 [Test worker] DEBUG com.github.dockerjava.zerodep.shaded.org.apache.hc.client5.http.headers -- http-outgoing-0 >> Content-Length: 1955
20:26:16.134 [Test worker] DEBUG com.github.dockerjava.zerodep.shaded.org.apache.hc.client5.http.headers -- http-outgoing-0 >> Host: localhost:2375
20:26:16.134 [Test worker] DEBUG com.github.dockerjava.zerodep.shaded.org.apache.hc.client5.http.headers -- http-outgoing-0 >> Connection: keep-alive
20:26:16.134 [Test worker] DEBUG com.github.dockerjava.zerodep.shaded.org.apache.hc.client5.http.headers -- http-outgoing-0 >> User-Agent: Apache-HttpClient/5.0.3 (Java/17.0.2)
20:26:16.134 [Test worker] DEBUG com.github.dockerjava.zerodep.shaded.org.apache.hc.client5.http.wire -- http-outgoing-0 >> "POST /v1.32/containers/create?name=testcontainers-ryuk-60802eac-f064-45fe-9801-167fc01bd305 HTTP/1.1[\r][\n]"
20:26:16.135 [Test worker] DEBUG com.github.dockerjava.zerodep.shaded.org.apache.hc.client5.http.wire -- http-outgoing-0 >> "accept: application/json[\r][\n]"
20:26:16.135 [Test worker] DEBUG com.github.dockerjava.zerodep.shaded.org.apache.hc.client5.http.wire -- http-outgoing-0 >> "content-type: application/json[\r][\n]"
20:26:16.136 [Test worker] DEBUG com.github.dockerjava.zerodep.shaded.org.apache.hc.client5.http.wire -- http-outgoing-0 >> "x-tc-sid: 60802eac-f064-45fe-9801-167fc01bd305[\r][\n]"
20:26:16.137 [Test worker] DEBUG com.github.dockerjava.zerodep.shaded.org.apache.hc.client5.http.wire -- http-outgoing-0 >> "Accept-Encoding: gzip, x-gzip, deflate[\r][\n]"
20:26:16.138 [Test worker] DEBUG com.github.dockerjava.zerodep.shaded.org.apache.hc.client5.http.wire -- http-outgoing-0 >> "Content-Length: 1955[\r][\n]"
20:26:16.138 [Test worker] DEBUG com.github.dockerjava.zerodep.shaded.org.apache.hc.client5.http.wire -- http-outgoing-0 >> "Host: localhost:2375[\r][\n]"
20:26:16.138 [Test worker] DEBUG com.github.dockerjava.zerodep.shaded.org.apache.hc.client5.http.wire -- http-outgoing-0 >> "Connection: keep-alive[\r][\n]"
20:26:16.138 [Test worker] DEBUG com.github.dockerjava.zerodep.shaded.org.apache.hc.client5.http.wire -- http-outgoing-0 >> "User-Agent: Apache-HttpClient/5.0.3 (Java/17.0.2)[\r][\n]"
20:26:16.138 [Test worker] DEBUG com.github.dockerjava.zerodep.shaded.org.apache.hc.client5.http.wire -- http-outgoing-0 >> "[\r][\n]"
[...]
	at org.testcontainers.containers.PostgreSQLContainer.waitUntilContainerStarted(PostgreSQLContainer.java:140)
	at org.testcontainers.containers.GenericContainer.tryStart(GenericContainer.java:490)
	at org.testcontainers.containers.GenericContainer.lambda$doStart$0(GenericContainer.java:344)
	at org.rnorth.ducttape.unreliables.Unreliables.retryUntilSuccess(Unreliables.java:81)
	at org.testcontainers.containers.GenericContainer.doStart(GenericContainer.java:334)
	at org.testcontainers.containers.GenericContainer.start(GenericContainer.java:322)
	at org.testcontainers.junit.jupiter.TestcontainersExtension$StoreAdapter.start(TestcontainersExtension.java:274)
	at org.testcontainers.junit.jupiter.TestcontainersExtension$StoreAdapter.access$200(TestcontainersExtension.java:261)
	at org.testcontainers.junit.jupiter.TestcontainersExtension.lambda$null$3(TestcontainersExtension.java:76)
	at org.junit.jupiter.engine.execution.ExtensionValuesStore.lambda$getOrComputeIfAbsent$4(ExtensionValuesStore.java:86)
	at org.junit.jupiter.engine.execution.ExtensionValuesStore$MemoizingSupplier.computeValue(ExtensionValuesStore.java:223)
	at org.junit.jupiter.engine.execution.ExtensionValuesStore$MemoizingSupplier.get(ExtensionValuesStore.java:211)
	at org.junit.jupiter.engine.execution.ExtensionValuesStore$StoredValue.evaluate(ExtensionValuesStore.java:191)
	at org.junit.jupiter.engine.execution.ExtensionValuesStore$StoredValue.access$100(ExtensionValuesStore.java:171)
	at org.junit.jupiter.engine.execution.ExtensionValuesStore.getOrComputeIfAbsent(ExtensionValuesStore.java:89)
	at org.junit.jupiter.engine.execution.NamespaceAwareStore.getOrComputeIfAbsent(NamespaceAwareStore.java:53)
	at org.testcontainers.junit.jupiter.TestcontainersExtension.lambda$startContainers$4(TestcontainersExtension.java:76)
	at java.base/java.util.ArrayList.forEach(ArrayList.java:1511)
	at org.testcontainers.junit.jupiter.TestcontainersExtension.startContainers(TestcontainersExtension.java:76)
	at org.testcontainers.junit.jupiter.TestcontainersExtension.beforeAll(TestcontainersExtension.java:56)
	at org.junit.jupiter.engine.descriptor.ClassBasedTestDescriptor.lambda$invokeBeforeAllCallbacks$12(ClassBasedTestDescriptor.java:395)
	at org.junit.platform.engine.support.hierarchical.ThrowableCollector.execute(ThrowableCollector.java:73)
	at org.junit.jupiter.engine.descriptor.ClassBasedTestDescriptor.invokeBeforeAllCallbacks(ClassBasedTestDescriptor.java:395)
	at org.junit.jupiter.engine.descriptor.ClassBasedTestDescriptor.before(ClassBasedTestDescriptor.java:211)
	at org.junit.jupiter.engine.descriptor.ClassBasedTestDescriptor.before(ClassBasedTestDescriptor.java:84)
	at org.junit.platform.engine.support.hierarchical.NodeTestTask.lambda$executeRecursively$6(NodeTestTask.java:148)
	at org.junit.platform.engine.support.hierarchical.ThrowableCollector.execute(ThrowableCollector.java:73)
	at org.junit.platform.engine.support.hierarchical.NodeTestTask.lambda$executeRecursively$8(NodeTestTask.java:141)
	at org.junit.platform.engine.support.hierarchical.Node.around(Node.java:137)
	at org.junit.platform.engine.support.hierarchical.NodeTestTask.lambda$executeRecursively$9(NodeTestTask.java:139)
	at org.junit.platform.engine.support.hierarchical.ThrowableCollector.execute(ThrowableCollector.java:73)
	at org.junit.platform.engine.support.hierarchical.NodeTestTask.executeRecursively(NodeTestTask.java:138)
	at org.junit.platform.engine.support.hierarchical.NodeTestTask.execute(NodeTestTask.java:95)
	at java.base/java.util.ArrayList.forEach(ArrayList.java:1511)
	at org.junit.platform.engine.support.hierarchical.SameThreadHierarchicalTestExecutorService.invokeAll(SameThreadHierarchicalTestExecutorService.java:41)
	at org.junit.platform.engine.support.hierarchical.NodeTestTask.lambda$executeRecursively$6(NodeTestTask.java:155)
	at org.junit.platform.engine.support.hierarchical.ThrowableCollector.execute(ThrowableCollector.java:73)
	at org.junit.platform.engine.support.hierarchical.NodeTestTask.lambda$executeRecursively$8(NodeTestTask.java:141)
	at org.junit.platform.engine.support.hierarchical.Node.around(Node.java:137)
	at org.junit.platform.engine.support.hierarchical.NodeTestTask.lambda$executeRecursively$9(NodeTestTask.java:139)
	at org.junit.platform.engine.support.hierarchical.ThrowableCollector.execute(ThrowableCollector.java:73)
	at org.junit.platform.engine.support.hierarchical.NodeTestTask.executeRecursively(NodeTestTask.java:138)
	at org.junit.platform.engine.support.hierarchical.NodeTestTask.execute(NodeTestTask.java:95)
	at org.junit.platform.engine.support.hierarchical.SameThreadHierarchicalTestExecutorService.submit(SameThreadHierarchicalTestExecutorService.java:35)
	at org.junit.platform.engine.support.hierarchical.HierarchicalTestExecutor.execute(HierarchicalTestExecutor.java:57)
	at org.junit.platform.engine.support.hierarchical.HierarchicalTestEngine.execute(HierarchicalTestEngine.java:54)
	at org.junit.platform.launcher.core.EngineExecutionOrchestrator.execute(EngineExecutionOrchestrator.java:147)
	at org.junit.platform.launcher.core.EngineExecutionOrchestrator.execute(EngineExecutionOrchestrator.java:127)
	at org.junit.platform.launcher.core.EngineExecutionOrchestrator.execute(EngineExecutionOrchestrator.java:90)
	at org.junit.platform.launcher.core.EngineExecutionOrchestrator.lambda$execute$0(EngineExecutionOrchestrator.java:55)
	at org.junit.platform.launcher.core.EngineExecutionOrchestrator.withInterceptedStreams(EngineExecutionOrchestrator.java:102)
	at org.junit.platform.launcher.core.EngineExecutionOrchestrator.execute(EngineExecutionOrchestrator.java:54)
	at org.junit.platform.launcher.core.DefaultLauncher.execute(DefaultLauncher.java:114)
	at org.junit.platform.launcher.core.DefaultLauncher.execute(DefaultLauncher.java:86)
	at org.junit.platform.launcher.core.DefaultLauncherSession$DelegatingLauncher.execute(DefaultLauncherSession.java:86)
	at org.junit.platform.launcher.core.SessionPerRequestLauncher.execute(SessionPerRequestLauncher.java:53)
	at org.gradle.api.internal.tasks.testing.junitplatform.JUnitPlatformTestClassProcessor$CollectAllTestClassesExecutor.processAllTestClasses(JUnitPlatformTestClassProcessor.java:99)
	at org.gradle.api.internal.tasks.testing.junitplatform.JUnitPlatformTestClassProcessor$CollectAllTestClassesExecutor.access$000(JUnitPlatformTestClassProcessor.java:79)
	at org.gradle.api.internal.tasks.testing.junitplatform.JUnitPlatformTestClassProcessor.stop(JUnitPlatformTestClassProcessor.java:75)
	at org.gradle.api.internal.tasks.testing.SuiteTestClassProcessor.stop(SuiteTestClassProcessor.java:61)
	at java.base/jdk.internal.reflect.NativeMethodAccessorImpl.invoke0(Native Method)
	at java.base/jdk.internal.reflect.NativeMethodAccessorImpl.invoke(NativeMethodAccessorImpl.java:77)
	at java.base/jdk.internal.reflect.DelegatingMethodAccessorImpl.invoke(DelegatingMethodAccessorImpl.java:43)
	at java.base/java.lang.reflect.Method.invoke(Method.java:568)
	at org.gradle.internal.dispatch.ReflectionDispatch.dispatch(ReflectionDispatch.java:36)
	at org.gradle.internal.dispatch.ReflectionDispatch.dispatch(ReflectionDispatch.java:24)
	at org.gradle.internal.dispatch.ContextClassLoaderDispatch.dispatch(ContextClassLoaderDispatch.java:33)
	at org.gradle.internal.dispatch.ProxyDispatchAdapter$DispatchingInvocationHandler.invoke(ProxyDispatchAdapter.java:94)
	at jdk.proxy1/jdk.proxy1.$Proxy2.stop(Unknown Source)
	at org.gradle.api.internal.tasks.testing.worker.TestWorker$3.run(TestWorker.java:193)
	at org.gradle.api.internal.tasks.testing.worker.TestWorker.executeAndMaintainThreadName(TestWorker.java:129)
	at org.gradle.api.internal.tasks.testing.worker.TestWorker.execute(TestWorker.java:100)
	at org.gradle.api.internal.tasks.testing.worker.TestWorker.execute(TestWorker.java:60)
	at org.gradle.process.internal.worker.child.ActionExecutionWorker.execute(ActionExecutionWorker.java:56)
	at org.gradle.process.internal.worker.child.SystemApplicationClassLoaderWorker.call(SystemApplicationClassLoaderWorker.java:133)
	at org.gradle.process.internal.worker.child.SystemApplicationClassLoaderWorker.call(SystemApplicationClassLoaderWorker.java:71)
	at worker.org.gradle.process.internal.worker.GradleWorkerMain.run(GradleWorkerMain.java:69)
	at worker.org.gradle.process.internal.worker.GradleWorkerMain.main(GradleWorkerMain.java:74)
20:26:25.368 [Test worker] INFO tc.postgres:14.3 -- Container postgres:14.3 started in PT4.713503S
20:26:25.366 [docker-java-stream--1110852123] DEBUG com.github.dockerjava.zerodep.ApacheDockerHttpClientImpl$ApacheResponse -- Failed to close the response
java.nio.channels.ClosedChannelException: null
	at java.base/sun.nio.ch.SocketChannelImpl.ensureOpenAndConnected(SocketChannelImpl.java:215)
	at java.base/sun.nio.ch.SocketChannelImpl.read(SocketChannelImpl.java:403)
	at java.base/sun.nio.ch.ChannelInputStream.read(ChannelInputStream.java:59)
	at java.base/sun.nio.ch.ChannelInputStream.read(ChannelInputStream.java:107)
	at java.base/sun.nio.ch.ChannelInputStream.read(ChannelInputStream.java:101)
	at com.github.dockerjava.zerodep.shaded.org.apache.hc.client5.http.impl.io.LoggingInputStream.read(LoggingInputStream.java:81)
	at com.github.dockerjava.zerodep.shaded.org.apache.hc.core5.http.impl.io.SessionInputBufferImpl.fillBuffer(SessionInputBufferImpl.java:149)
	at com.github.dockerjava.zerodep.shaded.org.apache.hc.core5.http.impl.io.SessionInputBufferImpl.readLine(SessionInputBufferImpl.java:280)
	at com.github.dockerjava.zerodep.shaded.org.apache.hc.core5.http.impl.io.ChunkedInputStream.getChunkSize(ChunkedInputStream.java:261)
	at com.github.dockerjava.zerodep.shaded.org.apache.hc.core5.http.impl.io.ChunkedInputStream.nextChunk(ChunkedInputStream.java:222)
	at com.github.dockerjava.zerodep.shaded.org.apache.hc.core5.http.impl.io.ChunkedInputStream.read(ChunkedInputStream.java:147)
	at com.github.dockerjava.zerodep.shaded.org.apache.hc.core5.http.impl.io.ChunkedInputStream.close(ChunkedInputStream.java:314)
	at com.github.dockerjava.zerodep.shaded.org.apache.hc.core5.io.Closer.close(Closer.java:48)
	at com.github.dockerjava.zerodep.shaded.org.apache.hc.core5.http.impl.io.IncomingHttpEntity.close(IncomingHttpEntity.java:111)
	at com.github.dockerjava.zerodep.shaded.org.apache.hc.core5.http.io.entity.HttpEntityWrapper.close(HttpEntityWrapper.java:120)
	at com.github.dockerjava.zerodep.shaded.org.apache.hc.core5.io.Closer.close(Closer.java:48)
	at com.github.dockerjava.zerodep.shaded.org.apache.hc.core5.http.message.BasicClassicHttpResponse.close(BasicClassicHttpResponse.java:93)
	at com.github.dockerjava.zerodep.shaded.org.apache.hc.client5.http.impl.classic.CloseableHttpResponse.close(CloseableHttpResponse.java:200)
	at com.github.dockerjava.zerodep.ApacheDockerHttpClientImpl$ApacheResponse.close(ApacheDockerHttpClientImpl.java:256)
	at org.testcontainers.shaded.com.github.dockerjava.core.DefaultInvocationBuilder.lambda$executeAndStream$1(DefaultInvocationBuilder.java:277)
	at java.base/java.lang.Thread.run(Thread.java:833)
20:26:25.377 [Test worker] INFO tc.postgres:14.3 -- Container is started (JDBC URL: jdbc:postgresql://localhost:49704/test?loggerLevel=OFF)
20:26:25.534 [Test worker] DEBUG org.springframework.test.context.support.DependencyInjectionTestExecutionListener -- Performing dependency injection for test class ru.clevertec.ecl.common.repository.UserPostgresQLRepositoryTest

  .   ____          _            __ _ _
 /\\ / ___'_ __ _ _(_)_ __  __ _ \ \ \ \
( ( )\___ | '_ | '_| | '_ \/ _` | \ \ \ \
 \\/  ___)| |_)| | | | | || (_| |  ) ) ) )
  '  |____| .__|_| |_|_| |_\__, | / / / /
 =========|_|==============|___/=/_/_/_/
 :: Spring Boot ::                (v3.0.6)

2023-05-16T20:26:27.983+03:00  INFO 72549 --- [    Test worker] r.c.e.c.r.UserPostgresQLRepositoryTest   : Starting UserPostgresQLRepositoryTest using Java 17.0.2 with PID 72549 (started by artemaverkov in /Users/artemaverkov/Concurrency/Новая папка/SpringTask)
2023-05-16T20:26:28.002+03:00  INFO 72549 --- [    Test worker] r.c.e.c.r.UserPostgresQLRepositoryTest   : The following 1 profile is active: "dev"
2023-05-16T20:26:29.831+03:00  INFO 72549 --- [    Test worker] .s.d.r.c.RepositoryConfigurationDelegate : Bootstrapping Spring Data JPA repositories in DEFAULT mode.
2023-05-16T20:26:30.128+03:00  INFO 72549 --- [    Test worker] .s.d.r.c.RepositoryConfigurationDelegate : Finished Spring Data repository scanning in 263 ms. Found 4 JPA repository interfaces.
2023-05-16T20:26:32.053+03:00  INFO 72549 --- [    Test worker] o.hibernate.jpa.internal.util.LogHelper  : HHH000204: Processing PersistenceUnitInfo [name: default]
2023-05-16T20:26:32.357+03:00  INFO 72549 --- [    Test worker] org.hibernate.Version                    : HHH000412: Hibernate ORM core version 6.1.7.Final
2023-05-16T20:26:33.739+03:00  INFO 72549 --- [    Test worker] com.zaxxer.hikari.HikariDataSource       : HikariPool-1 - Starting...
2023-05-16T20:26:34.809+03:00  INFO 72549 --- [    Test worker] com.zaxxer.hikari.pool.HikariPool        : HikariPool-1 - Added connection org.postgresql.jdbc.PgConnection@4ae2c01b
2023-05-16T20:26:34.921+03:00  INFO 72549 --- [    Test worker] com.zaxxer.hikari.HikariDataSource       : HikariPool-1 - Start completed.
2023-05-16T20:26:35.114+03:00  INFO 72549 --- [    Test worker] SQL dialect                              : HHH000400: Using dialect: org.hibernate.dialect.PostgreSQLDialect
Hibernate: alter table if exists gift_certificates drop constraint if exists FKnqujxo7ryn01m42w5t3tlam4k
2023-05-16T20:26:38.756+03:00  WARN 72549 --- [    Test worker] o.h.engine.jdbc.spi.SqlExceptionHelper   : SQL Warning Code: 0, SQLState: 00000
2023-05-16T20:26:38.791+03:00  WARN 72549 --- [    Test worker] o.h.engine.jdbc.spi.SqlExceptionHelper   : relation "gift_certificates" does not exist, skipping
Hibernate: alter table if exists orders drop constraint if exists FK5sg6ecyf40wtr89weng1xkw2w
2023-05-16T20:26:38.793+03:00  WARN 72549 --- [    Test worker] o.h.engine.jdbc.spi.SqlExceptionHelper   : SQL Warning Code: 0, SQLState: 00000
2023-05-16T20:26:38.794+03:00  WARN 72549 --- [    Test worker] o.h.engine.jdbc.spi.SqlExceptionHelper   : relation "orders" does not exist, skipping
Hibernate: alter table if exists orders drop constraint if exists FK32ql8ubntj5uh44ph9659tiih
2023-05-16T20:26:38.798+03:00  WARN 72549 --- [    Test worker] o.h.engine.jdbc.spi.SqlExceptionHelper   : SQL Warning Code: 0, SQLState: 00000
2023-05-16T20:26:38.800+03:00  WARN 72549 --- [    Test worker] o.h.engine.jdbc.spi.SqlExceptionHelper   : relation "orders" does not exist, skipping
Hibernate: drop table if exists gift_certificates cascade
2023-05-16T20:26:38.802+03:00  WARN 72549 --- [    Test worker] o.h.engine.jdbc.spi.SqlExceptionHelper   : SQL Warning Code: 0, SQLState: 00000
2023-05-16T20:26:38.802+03:00  WARN 72549 --- [    Test worker] o.h.engine.jdbc.spi.SqlExceptionHelper   : table "gift_certificates" does not exist, skipping
Hibernate: drop table if exists orders cascade
2023-05-16T20:26:38.803+03:00  WARN 72549 --- [    Test worker] o.h.engine.jdbc.spi.SqlExceptionHelper   : SQL Warning Code: 0, SQLState: 00000
2023-05-16T20:26:38.803+03:00  WARN 72549 --- [    Test worker] o.h.engine.jdbc.spi.SqlExceptionHelper   : table "orders" does not exist, skipping
Hibernate: drop table if exists tag cascade
2023-05-16T20:26:38.806+03:00  WARN 72549 --- [    Test worker] o.h.engine.jdbc.spi.SqlExceptionHelper   : SQL Warning Code: 0, SQLState: 00000
2023-05-16T20:26:38.808+03:00  WARN 72549 --- [    Test worker] o.h.engine.jdbc.spi.SqlExceptionHelper   : table "tag" does not exist, skipping
Hibernate: drop table if exists users cascade
2023-05-16T20:26:38.814+03:00  WARN 72549 --- [    Test worker] o.h.engine.jdbc.spi.SqlExceptionHelper   : SQL Warning Code: 0, SQLState: 00000
2023-05-16T20:26:38.814+03:00  WARN 72549 --- [    Test worker] o.h.engine.jdbc.spi.SqlExceptionHelper   : table "users" does not exist, skipping
Hibernate: drop sequence if exists gift_certificates_seq
2023-05-16T20:26:38.816+03:00  WARN 72549 --- [    Test worker] o.h.engine.jdbc.spi.SqlExceptionHelper   : SQL Warning Code: 0, SQLState: 00000
2023-05-16T20:26:38.816+03:00  WARN 72549 --- [    Test worker] o.h.engine.jdbc.spi.SqlExceptionHelper   : sequence "gift_certificates_seq" does not exist, skipping
Hibernate: drop sequence if exists orders_seq
2023-05-16T20:26:38.818+03:00  WARN 72549 --- [    Test worker] o.h.engine.jdbc.spi.SqlExceptionHelper   : SQL Warning Code: 0, SQLState: 00000
2023-05-16T20:26:38.818+03:00  WARN 72549 --- [    Test worker] o.h.engine.jdbc.spi.SqlExceptionHelper   : sequence "orders_seq" does not exist, skipping
Hibernate: drop sequence if exists tag_seq
2023-05-16T20:26:38.821+03:00  WARN 72549 --- [    Test worker] o.h.engine.jdbc.spi.SqlExceptionHelper   : SQL Warning Code: 0, SQLState: 00000
2023-05-16T20:26:38.821+03:00  WARN 72549 --- [    Test worker] o.h.engine.jdbc.spi.SqlExceptionHelper   : sequence "tag_seq" does not exist, skipping
Hibernate: drop sequence if exists users_seq
2023-05-16T20:26:38.826+03:00  WARN 72549 --- [    Test worker] o.h.engine.jdbc.spi.SqlExceptionHelper   : SQL Warning Code: 0, SQLState: 00000
2023-05-16T20:26:38.827+03:00  WARN 72549 --- [    Test worker] o.h.engine.jdbc.spi.SqlExceptionHelper   : sequence "users_seq" does not exist, skipping
Hibernate: create sequence gift_certificates_seq start with 1 increment by 50
Hibernate: create sequence orders_seq start with 1 increment by 50
Hibernate: create sequence tag_seq start with 1 increment by 50
Hibernate: create sequence users_seq start with 1 increment by 50
Hibernate: create table gift_certificates (id bigint not null, create_date varchar(255), description varchar(255), duration bigint, last_update_date varchar(255), name varchar(255), price float(53), tag_id bigint, primary key (id))
Hibernate: create table orders (id bigint not null, cost float(53), purchase_time timestamp(6), gift_certificates_id bigint, user_id bigint, primary key (id))
Hibernate: create table tag (id bigint not null, name varchar(255), primary key (id))
Hibernate: create table users (id bigint not null, email varchar(255), name varchar(255), password varchar(255), primary key (id))
Hibernate: alter table if exists gift_certificates add constraint FKnqujxo7ryn01m42w5t3tlam4k foreign key (tag_id) references tag on delete cascade
Hibernate: alter table if exists orders add constraint FK5sg6ecyf40wtr89weng1xkw2w foreign key (gift_certificates_id) references gift_certificates on delete cascade
Hibernate: alter table if exists orders add constraint FK32ql8ubntj5uh44ph9659tiih foreign key (user_id) references users on delete cascade
2023-05-16T20:26:39.237+03:00  INFO 72549 --- [    Test worker] o.h.e.t.j.p.i.JtaPlatformInitiator       : HHH000490: Using JtaPlatform implementation: [org.hibernate.engine.transaction.jta.platform.internal.NoJtaPlatform]
2023-05-16T20:26:39.303+03:00  INFO 72549 --- [    Test worker] j.LocalContainerEntityManagerFactoryBean : Initialized JPA EntityManagerFactory for persistence unit 'default'
2023-05-16T20:26:42.111+03:00  WARN 72549 --- [    Test worker] ocalVariableTableParameterNameDiscoverer : Using deprecated '-debug' fallback for parameter name resolution. Compile the affected code with '-parameters' instead or avoid its introspection: ru.clevertec.ecl.repository.order.OrderRepository
2023-05-16T20:26:42.464+03:00  INFO 72549 --- [    Test worker] r.c.e.c.r.UserPostgresQLRepositoryTest   : Started UserPostgresQLRepositoryTest in 16.475 seconds (process running for 40.785)
Hibernate: select count(name) from users where name =?
]]></system-out>
  <system-err><![CDATA[[2023.05.16 20:26:26] (Coverage): Error during class instrumentation: org.springframework.boot.logging.log4j2.Log4J2LoggingSystem: java.lang.RuntimeException: java.io.IOException: Class org/apache/logging/log4j/core/config/composite/CompositeConfiguration not found
]]></system-err>
</testsuite>
